\BOOKMARK [0][-]{chapter*.1}{\376\377\000A\000g\000r\000a\000d\000e\000c\000i\000m\000i\000e\000n\000t\000o\000s}{}% 1
\BOOKMARK [0][-]{chapter*.2}{\376\377\000R\000e\000s\000u\000m\000e\000n}{}% 2
\BOOKMARK [0][-]{section*.3}{\376\377\000\315\000n\000d\000i\000c\000e\000\040\000g\000e\000n\000e\000r\000a\000l}{}% 3
\BOOKMARK [0][-]{section*.4}{\376\377\000\315\000n\000d\000i\000c\000e\000\040\000d\000e\000\040\000f\000i\000g\000u\000r\000a\000s}{}% 4
\BOOKMARK [0][-]{section*.5}{\376\377\000\315\000n\000d\000i\000c\000e\000\040\000d\000e\000\040\000c\000u\000a\000d\000r\000o\000s}{}% 5
\BOOKMARK [0][-]{chapter.1}{\376\377\000I\000n\000t\000r\000o\000d\000u\000c\000c\000i\000\363\000n}{}% 6
\BOOKMARK [1][-]{section.1.1}{\376\377\000C\000o\000n\000t\000e\000x\000t\000o\000:\000\040\000V\000u\000l\000n\000e\000r\000a\000b\000i\000l\000i\000d\000a\000d\000\040\000E\000n\000e\000r\000g\000\351\000t\000i\000c\000a\000\040\000e\000n\000\040\000Z\000o\000n\000a\000s\000\040\000R\000e\000m\000o\000t\000a\000s}{chapter.1}% 7
\BOOKMARK [1][-]{section.1.2}{\376\377\000E\000l\000\040\000C\000a\000s\000o\000\040\000d\000e\000\040\000l\000a\000\040\000R\000e\000g\000i\000\363\000n\000\040\000d\000e\000\040\000A\000y\000s\000\351\000n\000:\000\040\000U\000n\000\040\000S\000i\000s\000t\000e\000m\000a\000\040\000e\000n\000\040\000e\000l\000\040\000L\000\355\000m\000i\000t\000e}{chapter.1}% 8
\BOOKMARK [1][-]{section.1.3}{\376\377\000P\000r\000e\000g\000u\000n\000t\000a\000\040\000d\000e\000\040\000I\000n\000v\000e\000s\000t\000i\000g\000a\000c\000i\000\363\000n\000\040\000y\000\040\000C\000o\000n\000t\000r\000i\000b\000u\000c\000i\000\363\000n}{chapter.1}% 9
\BOOKMARK [1][-]{section.1.4}{\376\377\000O\000b\000j\000e\000t\000i\000v\000o\000s\000\040\000y\000\040\000A\000l\000c\000a\000n\000c\000e}{chapter.1}% 10
\BOOKMARK [1][-]{section.1.5}{\376\377\000E\000s\000t\000r\000u\000c\000t\000u\000r\000a\000\040\000d\000e\000l\000\040\000D\000o\000c\000u\000m\000e\000n\000t\000o}{chapter.1}% 11
\BOOKMARK [0][-]{chapter.2}{\376\377\000P\000l\000a\000n\000t\000e\000a\000m\000i\000e\000n\000t\000o\000\040\000d\000e\000l\000\040\000P\000r\000o\000b\000l\000e\000m\000a}{}% 12
\BOOKMARK [1][-]{section.2.1}{\376\377\000C\000a\000r\000a\000c\000t\000e\000r\000i\000z\000a\000c\000i\000\363\000n\000\040\000d\000e\000l\000\040\000S\000i\000s\000t\000e\000m\000a}{chapter.2}% 13
\BOOKMARK [1][-]{section.2.2}{\376\377\000A\000n\000\341\000l\000i\000s\000i\000s\000\040\000d\000e\000\040\000v\000u\000l\000n\000e\000r\000a\000b\000i\000l\000i\000d\000a\000d\000e\000s}{chapter.2}% 14
\BOOKMARK [1][-]{section.2.3}{\376\377\000L\000i\000m\000i\000t\000a\000c\000i\000o\000n\000e\000s\000\040\000d\000e\000l\000\040\000d\000i\000a\000g\000n\000\363\000s\000t\000i\000c\000o\000\040\000a\000c\000t\000u\000a\000l}{chapter.2}% 15
\BOOKMARK [0][-]{chapter.3}{\376\377\000P\000r\000e\000g\000u\000n\000t\000a\000\040\000d\000e\000\040\000I\000n\000v\000e\000s\000t\000i\000g\000a\000c\000i\000\363\000n\000\040\000e\000\040\000H\000i\000p\000\363\000t\000e\000s\000i\000s}{}% 16
\BOOKMARK [1][-]{section.3.1}{\376\377\000P\000r\000e\000g\000u\000n\000t\000a\000\040\000d\000e\000\040\000I\000n\000v\000e\000s\000t\000i\000g\000a\000c\000i\000\363\000n}{chapter.3}% 17
\BOOKMARK [1][-]{section.3.2}{\376\377\000H\000i\000p\000\363\000t\000e\000s\000i\000s\000\040\000C\000e\000n\000t\000r\000a\000l}{chapter.3}% 18
\BOOKMARK [0][-]{chapter.4}{\376\377\000O\000b\000j\000e\000t\000i\000v\000o\000s}{}% 19
\BOOKMARK [1][-]{section.4.1}{\376\377\000O\000b\000j\000e\000t\000i\000v\000o\000\040\000G\000e\000n\000e\000r\000a\000l}{chapter.4}% 20
\BOOKMARK [1][-]{section.4.2}{\376\377\000O\000b\000j\000e\000t\000i\000v\000o\000s\000\040\000E\000s\000p\000e\000c\000\355\000f\000i\000c\000o\000s}{chapter.4}% 21
\BOOKMARK [0][-]{chapter.5}{\376\377\000M\000a\000r\000c\000o\000\040\000T\000e\000\363\000r\000i\000c\000o}{}% 22
\BOOKMARK [1][-]{section.5.1}{\376\377\000G\000e\000s\000t\000i\000\363\000n\000\040\000d\000e\000\040\000I\000n\000v\000e\000n\000t\000a\000r\000i\000o\000s\000\040\000e\000n\000\040\000C\000a\000d\000e\000n\000a\000s\000\040\000d\000e\000\040\000S\000u\000m\000i\000n\000i\000s\000t\000r\000o}{chapter.5}% 23
\BOOKMARK [1][-]{section.5.2}{\376\377\000S\000i\000m\000u\000l\000a\000c\000i\000\363\000n\000\040\000d\000e\000\040\000E\000v\000e\000n\000t\000o\000s\000\040\000D\000i\000s\000c\000r\000e\000t\000o\000s}{chapter.5}% 24
\BOOKMARK [0][-]{chapter.6}{\376\377\000E\000s\000t\000a\000d\000o\000\040\000d\000e\000l\000\040\000A\000r\000t\000e}{}% 25
\BOOKMARK [1][-]{section.6.1}{\376\377\000D\000E\000S\000\040\000e\000n\000\040\000C\000a\000d\000e\000n\000a\000s\000\040\000d\000e\000\040\000S\000u\000m\000i\000n\000i\000s\000t\000r\000o\000:\000\040\000A\000p\000l\000i\000c\000a\000c\000i\000o\000n\000e\000s\000\040\000C\000o\000n\000s\000o\000l\000i\000d\000a\000d\000a\000s}{chapter.6}% 26
\BOOKMARK [1][-]{section.6.2}{\376\377\000M\000o\000d\000e\000l\000o\000s\000\040\000D\000E\000S\000\040\000d\000e\000\040\000P\000o\000l\000\355\000t\000i\000c\000a\000s\000\040\000d\000e\000\040\000I\000n\000v\000e\000n\000t\000a\000r\000i\000o\000\040\000b\000a\000j\000o\000\040\000I\000n\000c\000e\000r\000t\000i\000d\000u\000m\000b\000r\000e}{chapter.6}% 27
\BOOKMARK [1][-]{section.6.3}{\376\377\000D\000i\000a\000g\000n\000\363\000s\000t\000i\000c\000o\000\040\000d\000e\000l\000\040\000S\000i\000s\000t\000e\000m\000a\000\040\000G\000L\000P\000\040\000A\000y\000s\000\351\000n}{chapter.6}% 28
\BOOKMARK [1][-]{section.6.4}{\376\377\000V\000a\000c\000\355\000o\000\040\000M\000e\000t\000o\000d\000o\000l\000\363\000g\000i\000c\000o}{chapter.6}% 29
\BOOKMARK [1][-]{section.6.5}{\376\377\000C\000o\000n\000t\000r\000i\000b\000u\000c\000i\000\363\000n\000\040\000d\000e\000\040\000e\000s\000t\000a\000\040\000T\000e\000s\000i\000s}{chapter.6}% 30
\BOOKMARK [0][-]{chapter.7}{\376\377\000D\000i\000s\000e\000\361\000o\000\040\000M\000e\000t\000o\000d\000o\000l\000\363\000g\000i\000c\000o}{}% 31
\BOOKMARK [1][-]{section.7.1}{\376\377\000F\000a\000s\000e\000\040\0001\000:\000\040\000M\000o\000d\000e\000l\000o\000\040\000C\000o\000n\000c\000e\000p\000t\000u\000a\000l}{chapter.7}% 32
\BOOKMARK [1][-]{section.7.2}{\376\377\000F\000a\000s\000e\000\040\0002\000:\000\040\000I\000m\000p\000l\000e\000m\000e\000n\000t\000a\000c\000i\000\363\000n\000\040\000d\000e\000l\000\040\000P\000r\000o\000t\000o\000t\000i\000p\000o\000\040\000\050\000O\000b\000j\000e\000t\000i\000v\000o\000\040\0002\000\051}{chapter.7}% 33
\BOOKMARK [1][-]{section.7.3}{\376\377\000F\000a\000s\000e\000\040\0003\000:\000\040\000E\000v\000a\000l\000u\000a\000c\000i\000\363\000n\000\040\000y\000\040\000E\000x\000p\000e\000r\000i\000m\000e\000n\000t\000a\000c\000i\000\363\000n\000\040\000\050\000O\000b\000j\000e\000t\000i\000v\000o\000\040\0003\000\051}{chapter.7}% 34
\BOOKMARK [0][-]{chapter.8}{\376\377\000R\000e\000s\000u\000l\000t\000a\000d\000o\000s}{}% 35
\BOOKMARK [1][-]{section.8.1}{\376\377\000C\000a\000s\000o\000s\000\040\000d\000e\000\040\000P\000r\000u\000e\000b\000a\000:\000\040\000C\000o\000m\000p\000o\000r\000t\000a\000m\000i\000e\000n\000t\000o\000\040\000D\000i\000n\000\341\000m\000i\000c\000o\000\040\000d\000e\000l\000\040\000S\000i\000s\000t\000e\000m\000a}{chapter.8}% 36
\BOOKMARK [1][-]{section.8.2}{\376\377\000V\000a\000l\000i\000d\000a\000c\000i\000\363\000n\000\040\000d\000e\000l\000\040\000M\000o\000d\000e\000l\000o\000\040\000d\000e\000\040\000S\000i\000m\000u\000l\000a\000c\000i\000\363\000n}{chapter.8}% 37
\BOOKMARK [1][-]{section.8.3}{\376\377\000A\000n\000\341\000l\000i\000s\000i\000s\000\040\000D\000e\000s\000c\000r\000i\000p\000t\000i\000v\000o\000\040\000d\000e\000l\000\040\000R\000e\000n\000d\000i\000m\000i\000e\000n\000t\000o}{chapter.8}% 38
\BOOKMARK [1][-]{section.8.4}{\376\377\000A\000n\000\341\000l\000i\000s\000i\000s\000\040\000E\000s\000t\000a\000d\000\355\000s\000t\000i\000c\000o\000\040\000I\000n\000f\000e\000r\000e\000n\000c\000i\000a\000l}{chapter.8}% 39
\BOOKMARK [1][-]{section.8.5}{\376\377\000P\000r\000u\000e\000b\000a\000\040\000d\000e\000\040\000H\000i\000p\000\363\000t\000e\000s\000i\000s\000:\000\040\000A\000n\000\341\000l\000i\000s\000i\000s\000\040\000d\000e\000\040\000S\000e\000n\000s\000i\000b\000i\000l\000i\000d\000a\000d}{chapter.8}% 40
\BOOKMARK [1][-]{section.8.6}{\376\377\000R\000e\000n\000d\000i\000m\000i\000e\000n\000t\000o\000\040\000C\000o\000m\000p\000u\000t\000a\000c\000i\000o\000n\000a\000l\000\040\000d\000e\000l\000\040\000E\000x\000p\000e\000r\000i\000m\000e\000n\000t\000o}{chapter.8}% 41
\BOOKMARK [1][-]{section.8.7}{\376\377\000R\000e\000s\000u\000m\000e\000n\000\040\000d\000e\000l\000\040\000C\000a\000p\000\355\000t\000u\000l\000o}{chapter.8}% 42
\BOOKMARK [0][-]{chapter.9}{\376\377\000D\000i\000s\000c\000u\000s\000i\000\363\000n}{}% 43
\BOOKMARK [1][-]{section.9.1}{\376\377\000I\000n\000t\000e\000r\000p\000r\000e\000t\000a\000c\000i\000\363\000n\000\040\000d\000e\000\040\000l\000o\000s\000\040\000H\000a\000l\000l\000a\000z\000g\000o\000s}{chapter.9}% 44
\BOOKMARK [1][-]{section.9.2}{\376\377\000A\000l\000c\000a\000n\000c\000e\000\040\000y\000\040\000r\000a\000n\000g\000o\000\040\000d\000e\000\040\000v\000a\000l\000i\000d\000e\000z\000\040\000d\000e\000l\000\040\000m\000o\000d\000e\000l\000o}{chapter.9}% 45
\BOOKMARK [1][-]{section.9.3}{\376\377\000L\000i\000m\000i\000t\000a\000c\000i\000o\000n\000e\000s\000\040\000d\000e\000l\000\040\000E\000s\000t\000u\000d\000i\000o}{chapter.9}% 46
\BOOKMARK [1][-]{section.9.4}{\376\377\000T\000r\000a\000b\000a\000j\000o\000\040\000f\000u\000t\000u\000r\000o}{chapter.9}% 47
\BOOKMARK [0][-]{chapter.10}{\376\377\000C\000o\000n\000c\000l\000u\000s\000i\000o\000n\000e\000s\000\040\000y\000\040\000P\000r\000o\000y\000e\000c\000c\000i\000\363\000n\000\040\000d\000e\000l\000\040\000T\000r\000a\000b\000a\000j\000o}{}% 48
\BOOKMARK [1][-]{section.10.1}{\376\377\000S\000\355\000n\000t\000e\000s\000i\000s\000\040\000d\000e\000l\000\040\000P\000r\000o\000b\000l\000e\000m\000a\000\040\000y\000\040\000l\000a\000\040\000S\000o\000l\000u\000c\000i\000\363\000n\000\040\000P\000r\000o\000p\000u\000e\000s\000t\000a}{chapter.10}% 49
\BOOKMARK [1][-]{section.10.2}{\376\377\000C\000o\000n\000t\000r\000i\000b\000u\000c\000i\000o\000n\000e\000s\000\040\000E\000s\000p\000e\000r\000a\000d\000a\000s}{chapter.10}% 50
\BOOKMARK [1][-]{section.10.3}{\376\377\000L\000i\000m\000i\000t\000a\000c\000i\000o\000n\000e\000s\000\040\000y\000\040\000L\000\355\000n\000e\000a\000s\000\040\000d\000e\000\040\000T\000r\000a\000b\000a\000j\000o\000\040\000F\000u\000t\000u\000r\000o}{chapter.10}% 51
\BOOKMARK [0][-]{section*.103}{\376\377\000R\000e\000f\000e\000r\000e\000n\000c\000i\000a\000s}{}% 52
\BOOKMARK [0][-]{appendix*.104}{\376\377\000C\000\363\000d\000i\000g\000o\000\040\000F\000u\000e\000n\000t\000e\000\040\000d\000e\000l\000\040\000S\000i\000m\000u\000l\000a\000d\000o\000r}{}% 53
\BOOKMARK [1][-]{section*.105}{\376\377\000M\000\363\000d\000u\000l\000o\000\040\000d\000e\000\040\000C\000o\000n\000f\000i\000g\000u\000r\000a\000c\000i\000\363\000n}{appendix*.104}% 54
\BOOKMARK [1][-]{section*.106}{\376\377\000M\000\363\000d\000u\000l\000o\000\040\000d\000e\000\040\000E\000n\000t\000i\000d\000a\000d\000e\000s}{appendix*.104}% 55
\BOOKMARK [1][-]{section*.107}{\376\377\000M\000\363\000d\000u\000l\000o\000\040\000d\000e\000\040\000S\000i\000m\000u\000l\000a\000c\000i\000\363\000n}{appendix*.104}% 56
\BOOKMARK [1][-]{section*.108}{\376\377\000R\000e\000p\000o\000s\000i\000t\000o\000r\000i\000o\000\040\000C\000o\000m\000p\000l\000e\000t\000o}{appendix*.104}% 57
