This is pdfTeX, Version 3.141592653-2.6-1.40.27 (MiKTeX 25.4) (preloaded format=pdflatex 2025.6.9)  30 NOV 2025 15:56
entering extended mode
 restricted \write18 enabled.
 file:line:error style messages enabled.
 %&-line parsing enabled.
**c:/Users/carlo/Desktop/logistica/tesis/mitesis/main.tex
(c:/Users/carlo/Desktop/logistica/tesis/mitesis/main.tex
LaTeX2e <2025-06-01>
L3 programming layer <2025-05-26>
(C:\Users\carlo\AppData\Local\Programs\MiKTeX\tex/latex/memoir\memoir.cls
Document Class: memoir 2025/03/10 v3.8.3b configurable book, report, article document class
(C:\Users\carlo\AppData\Local\Programs\MiKTeX\tex/latex/xpatch\xpatch.sty (C:\Users\carlo\AppData\Local\Programs\MiKTeX\tex/latex/l3kernel\expl3.sty
Package: expl3 2025-05-26 L3 programming layer (loader) 
 (C:\Users\carlo\AppData\Local\Programs\MiKTeX\tex/latex/l3backend\l3backend-pdftex.def
File: l3backend-pdftex.def 2025-04-14 L3 backend support: PDF output (pdfTeX)
\l__color_backend_stack_int=\count275
))
Package: xpatch 2020/03/25 v0.3a Extending etoolbox patching commands
 (C:\Users\carlo\AppData\Local\Programs\MiKTeX\tex/latex/l3packages/xparse\xparse.sty
Package: xparse 2024-08-16 L3 Experimental document command parser
) (C:\Users\carlo\AppData\Local\Programs\MiKTeX\tex/latex/etoolbox\etoolbox.sty
Package: etoolbox 2025/02/11 v2.5l e-TeX tools for LaTeX (JAW)
\etb@tempcnta=\count276
))
\onelineskip=\skip49
\lxvchars=\skip50
\xlvchars=\skip51
\@memcnta=\count277
\c@@memmarkcntra=\count278
 (C:\Users\carlo\AppData\Local\Programs\MiKTeX\tex/generic/iftex\iftex.sty
Package: iftex 2024/12/12 v1.0g TeX engine tests
)
\trimtop=\skip52
\trimedge=\skip53
 (C:\Users\carlo\AppData\Local\Programs\MiKTeX\tex/latex/memoir\mem12.clo
File: mem12.clo 2022/07/29 v0.5 memoir class 12pt size option
)
\binding=\skip54
\spinemargin=\skip55
\foremargin=\skip56
\uppermargin=\skip57
\lowermargin=\skip58
\headdrop=\skip59
\normalrulethickness=\skip60
\mem@maxheadheight=\skip61
\mem@maxfootheight=\skip62
\headwidth=\skip63
\c@storedpagenumber=\count279
\memPD=\dimen148
\m@mabparskip=\skip64
\thanksmarkwidth=\skip65
\thanksmarksep=\skip66
\droptitle=\skip67
\c@book=\count280
\c@part=\count281
\c@chapter=\count282
\c@section=\count283
\c@subsection=\count284
\c@subsubsection=\count285
\c@paragraph=\count286
\c@subparagraph=\count287
\beforechapskip=\skip68
\midchapskip=\skip69
\afterchapskip=\skip70
\chapindent=\skip71
\bottomsectionskip=\skip72
\secindent=\skip73
\beforesecskip=\skip74
\aftersecskip=\skip75
\subsecindent=\skip76
\beforesubsecskip=\skip77
\aftersubsecskip=\skip78
\subsubsecindent=\skip79
\beforesubsubsecskip=\skip80
\aftersubsubsecskip=\skip81
\paraindent=\skip82
\beforeparaskip=\skip83
\afterparaskip=\skip84
\subparaindent=\skip85
\beforesubparaskip=\skip86
\aftersubparaskip=\skip87
\pfbreakskip=\skip88
\c@@ppsavesec=\count288
\c@@ppsaveapp=\count289
\ragrparindent=\dimen149
\everylistparindent=\dimen150
\parsepi=\skip89
\topsepi=\skip90
\itemsepi=\skip91
\parsepii=\skip92
\topsepii=\skip93
\topsepiii=\skip94
\itemsepii=\skip95
\itemsepiii=\skip96
\partopsepii=\skip97
\partopsepiii=\skip98
\m@msavetopsep=\skip99
\m@msavepartopsep=\skip100
\@enLab=\toks17
\abstitleskip=\skip101
\absleftindent=\skip102
\abs@leftindent=\dimen151
\absrightindent=\skip103
\absparindent=\skip104
\absparsep=\skip105
\c@vslineno=\count290
\c@poemline=\count291
\c@modulo@vs=\count292
\c@memfvsline=\count293
\vleftskip=\skip106
\vrightskip=\skip107
\stanzaskip=\skip108
\versewidth=\skip109
\vgap=\skip110
\vindent=\skip111
\vleftmargin=\dimen152
\c@verse=\count294
\c@chrsinstr=\count295
\beforepoemtitleskip=\skip112
\afterpoemtitleskip=\skip113
\c@poem=\count296
\beforePoemTitleskip=\skip114
\midPoemTitleskip=\skip115
\afterPoemTitleskip=\skip116
 (C:\Users\carlo\AppData\Local\Programs\MiKTeX\tex/latex/tools\array.sty
Package: array 2025/05/19 v2.6i Tabular extension package (FMi)
\col@sep=\dimen153
\ar@mcellbox=\box53
\extrarowheight=\dimen154
\NC@list=\toks18
\extratabsurround=\skip117
\backup@length=\skip118
\ar@cellbox=\box54
) (C:\Users\carlo\AppData\Local\Programs\MiKTeX\tex/latex/tools\dcolumn.sty
Package: dcolumn 2023/07/08 v1.06 decimal alignment package (DPC)
) (C:\Users\carlo\AppData\Local\Programs\MiKTeX\tex/latex/tools\delarray.sty
Package: delarray 2014/10/28 v1.01 array delimiter package (DPC)
) (C:\Users\carlo\AppData\Local\Programs\MiKTeX\tex/latex/tools\tabularx.sty
Package: tabularx 2023/12/11 v2.12a `tabularx' package (DPC)
\TX@col@width=\dimen155
\TX@old@table=\dimen156
\TX@old@col=\dimen157
\TX@target=\dimen158
\TX@delta=\dimen159
\TX@cols=\count297
\TX@ftn=\toks19
) (C:\Users\carlo\AppData\Local\Programs\MiKTeX\tex/latex/booktabs\booktabs.sty
Package: booktabs 2020/01/12 v1.61803398 Publication quality tables
\heavyrulewidth=\dimen160
\lightrulewidth=\dimen161
\cmidrulewidth=\dimen162
\belowrulesep=\dimen163
\belowbottomsep=\dimen164
\aboverulesep=\dimen165
\abovetopsep=\dimen166
\cmidrulesep=\dimen167
\cmidrulekern=\dimen168
\defaultaddspace=\dimen169
\@cmidla=\count298
\@cmidlb=\count299
\@aboverulesep=\dimen170
\@belowrulesep=\dimen171
\@thisruleclass=\count300
\@lastruleclass=\count301
\@thisrulewidth=\dimen172
)
\ctableftskip=\skip119
\ctabrightskip=\skip120
\abovecolumnspenalty=\count302
\@linestogo=\count303
\@cellstogo=\count304
\@cellsincolumn=\count305
\crtok=\toks20
\@mincolumnwidth=\dimen173
\c@newflo@tctr=\count306
\mem@margin@floatbox=\box55
\@contcwidth=\skip121
\@contindw=\skip122
\abovecaptionskip=\skip123
\belowcaptionskip=\skip124
\subfloattopskip=\skip125
\subfloatcapskip=\skip126
\subfloatcaptopadj=\skip127
\subfloatbottomskip=\skip128
\subfloatlabelskip=\skip129
\subfloatcapmargin=\dimen174
\c@@contsubnum=\count307
\m@mscap@capbox=\box56
\m@mscap@fbox=\box57
\sidecapsep=\dimen175
\sidecapwidth=\dimen176
\m@m@tempdima=\dimen177
\m@mscapraise=\dimen178
\sidecapraise=\dimen179
\m@mscapmainwidth=\dimen180
\m@mscaplkern=\dimen181
\beforeepigraphskip=\skip130
\afterepigraphskip=\skip131
\epigraphwidth=\skip132
\epigraphrule=\skip133
LaTeX Info: Redefining \em on input line 7017.
LaTeX Info: Redefining \emph on input line 7025.
 (C:\Users\carlo\AppData\Local\Programs\MiKTeX\tex/latex/hyperref\nameref.sty
Package: nameref 2023-11-26 v2.56 Cross-referencing by name of section
 (C:\Users\carlo\AppData\Local\Programs\MiKTeX\tex/latex/refcount\refcount.sty
Package: refcount 2019/12/15 v3.6 Data extraction from label references (HO)
 (C:\Users\carlo\AppData\Local\Programs\MiKTeX\tex/generic/ltxcmds\ltxcmds.sty
Package: ltxcmds 2023-12-04 v1.26 LaTeX kernel commands for general use (HO)
) (C:\Users\carlo\AppData\Local\Programs\MiKTeX\tex/generic/infwarerr\infwarerr.sty
Package: infwarerr 2019/12/03 v1.5 Providing info/warning/error messages (HO)
)) (C:\Users\carlo\AppData\Local\Programs\MiKTeX\tex/generic/gettitlestring\gettitlestring.sty
Package: gettitlestring 2019/12/15 v1.6 Cleanup title references (HO)
 (C:\Users\carlo\AppData\Local\Programs\MiKTeX\tex/latex/kvoptions\kvoptions.sty
Package: kvoptions 2022-06-15 v3.15 Key value format for package options (HO)
 (C:\Users\carlo\AppData\Local\Programs\MiKTeX\tex/latex/graphics\keyval.sty
Package: keyval 2022/05/29 v1.15 key=value parser (DPC)
\KV@toks@=\toks21
) (C:\Users\carlo\AppData\Local\Programs\MiKTeX\tex/latex/kvsetkeys\kvsetkeys.sty
Package: kvsetkeys 2022-10-05 v1.19 Key value parser (HO)
)))
\c@section@level=\count308
)
\tocentryskip=\skip134
\tocbaseline=\skip135
\cftparskip=\skip136
\cftbeforebookskip=\skip137
\cftbookindent=\dimen182
\cftbooknumwidth=\dimen183
\cftbeforepartskip=\skip138
\cftpartindent=\skip139
\cftpartnumwidth=\skip140
\cftbeforechapterskip=\skip141
\cftchapterindent=\skip142
\cftchapternumwidth=\skip143
\cftbeforesectionskip=\skip144
\cftsectionindent=\skip145
\cftsectionnumwidth=\skip146
\cftbeforesubsectionskip=\skip147
\cftsubsectionindent=\skip148
\cftsubsectionnumwidth=\skip149
\cftbeforesubsubsectionskip=\skip150
\cftsubsubsectionindent=\skip151
\cftsubsubsectionnumwidth=\skip152
\cftbeforeparagraphskip=\skip153
\cftparagraphindent=\skip154
\cftparagraphnumwidth=\skip155
\cftbeforesubparagraphskip=\skip156
\cftsubparagraphindent=\skip157
\cftsubparagraphnumwidth=\skip158
\prechapterprecisshift=\dimen184
\c@maxsecnumdepth=\count309
\bibindent=\dimen185
\bibitemsep=\skip159
\indexcolsep=\skip160
\indexrule=\skip161
\indexmarkstyle=\toks22
\@indexbox=\insert252
LaTeX Info: Redefining \raggedbottom on input line 8108.
LaTeX Info: Redefining \flushbottom on input line 8112.
\glossarycolsep=\dimen186
\glossaryrule=\dimen187
\sideparvshift=\skip162
\sideins=\insert251
\sidebartopsep=\skip163
\sidebarhsep=\skip164
\sidebarvsep=\skip165
\sidebarwidth=\skip166
\footmarkwidth=\skip167
\footmarksep=\skip168
\footparindent=\skip169
\footinsdim=\skip170
\footinsv@r=\insert250
\@mpfootinsv@r=\insert249
\m@m@k=\count310
\m@m@h=\dimen188
\m@mipn@skip=\skip171
\sidefootins=\insert248
\sidefootadjust=\skip172
\sidefootheight=\skip173
\sidefoothsep=\skip174
\sidefootvsep=\skip175
\sidefootwidth=\skip176
\m@mdownsf=\skip177
\c@sidefootnote=\count311
\sidefootmarkwidth=\skip178
\sidefootmarksep=\skip179
\sidefootparindent=\skip180
\c@pagenote=\count312

patch 2 for \immediateaddtocontents failed
\c@pagenoteshadow=\count313
\mem@pn@lastkern=\skip181
(C:\Users\carlo\AppData\Local\Programs\MiKTeX\tex/latex/tools\verbatim.sty
Package: verbatim 2024-01-22 v1.5x LaTeX2e package for verbatim enhancements
\every@verbatim=\toks23
\verbatim@line=\toks24
\verbatim@in@stream=\read2
)
\verbatimindent=\skip182
\verbatim@out=\write3
 (C:\Users\carlo\AppData\Local\Programs\MiKTeX\tex/latex/base\shortvrb.sty
Package: shortvrb 2024/12/25 v3.0q Standard LaTeX documentation package V3 (FMi)
)
\bvboxsep=\skip183
\c@memfbvline=\count314
\c@bvlinectr=\count315
\bvnumlength=\skip184
\fb@frw=\dimen189
\fb@frh=\dimen190
\FrameRule=\dimen191
\FrameSep=\dimen192
\c@cp@cntr=\count316
\c@ism@mctr=\count317
\c@xsm@mctr=\count318
\c@csm@mctr=\count319
\c@ksm@mctr=\count320
\c@xksm@mctr=\count321
\c@cksm@mctr=\count322
\c@msm@mctr=\count323
\c@xmsm@mctr=\count324
\c@cmsm@mctr=\count325
\c@bsm@mctr=\count326
\c@workm@mctr=\count327
\c@sheetsequence=\count328
\c@lastsheet=\count329
\c@lastpage=\count330
 (C:\Users\carlo\AppData\Local\Programs\MiKTeX\tex/latex/textcase\textcase.sty
Package: textcase 2025/02/16 v1.05 Text only upper/lower case changing (DPC)
Package textcase Info: Defining Legacy names on input line 20.
)
\c@figure=\count331
\c@lofdepth=\count332
\cftbeforefigureskip=\skip185
\cftfigureindent=\skip186
\cftfigurenumwidth=\skip187
\c@table=\count333
\c@lotdepth=\count334
\cftbeforetableskip=\skip188
\cfttableindent=\skip189
\cfttablenumwidth=\skip190
Package abstract [2008/07/23] emulated by memoir.
Package appendix [2008/07/23] emulated by memoir.
Package ccaption [2008/07/23] emulated by memoir.
Package changepage [2008/07/23] emulated by memoir.
Package chngcntr [2008/07/23] emulated by memoir.
Package chngpage [2008/07/23] emulated by memoir.
Package crop emulated by memoir.
Package enumerate [2008/07/23] emulated by memoir.
Package epigraph [2008/07/23] emulated by memoir.
Package ifmtarg [2008/07/23] emulated by memoir.
Package index [2008/07/23] emulated by memoir.
Package makeidx [2008/07/23] emulated by memoir.
Package moreverb [2008/07/23] emulated by memoir.
Package needspace [2008/07/23] emulated by memoir.
Package newfile [2008/07/23] emulated by memoir.
Package nextpage [2008/07/23] emulated by memoir.
Package pagenote [2008/07/23] emulated by memoir.
Package parskip [2008/07/23] emulated by memoir.
Package patchcmd [2008/07/23] emulated by memoir.
Package setspace [2008/07/23] emulated by memoir.
Package showidx [2008/07/23] emulated by memoir.
Package titleref [2008/07/23] emulated by memoir.
Package titling [2008/07/23] emulated by memoir.
Package tocbibind [2008/07/23] emulated by memoir.
Package tocloft [2008/07/23] emulated by memoir.
Package tocvsec2 [2008/07/23] emulated by memoir.
Package verse [2008/07/23] emulated by memoir.
) (C:\Users\carlo\AppData\Local\Programs\MiKTeX\tex/latex/base\inputenc.sty
Package: inputenc 2024/02/08 v1.3d Input encoding file
\inpenc@prehook=\toks25
\inpenc@posthook=\toks26
) (C:\Users\carlo\AppData\Local\Programs\MiKTeX\tex/latex/base\fontenc.sty
Package: fontenc 2024/12/21 v2.1c Standard LaTeX package
) (C:\Users\carlo\AppData\Local\Programs\MiKTeX\tex/generic/babel\babel.sty
Package: babel 2025/05/14 v25.9 The multilingual framework for pdfLaTeX, LuaLaTeX and XeLaTeX
\babel@savecnt=\count335
LaTeX Encoding Info:    Redeclaring text command \ij (encoding OT1) on input line 2043.
LaTeX Encoding Info:    Redeclaring text command \IJ (encoding OT1) on input line 2045.
LaTeX Encoding Info:    Redeclaring text command \ij (encoding T1) on input line 2047.
LaTeX Encoding Info:    Redeclaring text command \IJ (encoding T1) on input line 2048.
LaTeX Encoding Info:    Ignoring declaration for text command \ij (encoding ?) on input line 2049.
LaTeX Encoding Info:    Ignoring declaration for text command \IJ (encoding ?) on input line 2051.
LaTeX Encoding Info:    Ignoring declaration for text command \SS (encoding ?) on input line 2076.
\U@D=\dimen193
\l@unhyphenated=\language79
 (C:\Users\carlo\AppData\Local\Programs\MiKTeX\tex/generic/babel\txtbabel.def)
\bbl@readstream=\read3
\bbl@dirlevel=\count336

*************************************
* Local config file bblopts.cfg used
*
(C:\Users\carlo\AppData\Local\Programs\MiKTeX\tex/latex/arabi\bblopts.cfg
File: bblopts.cfg 2005/09/08 v0.1 add Arabic and Farsi to "declared" options of babel
) (C:\Users\carlo\AppData\Local\Programs\MiKTeX\tex/latex/babel-spanish\spanish.ldf
Language: spanish.ldf 2021/05/27 v5.0q Spanish support from the babel system
 (C:\Users\carlo\AppData\Local\Programs\MiKTeX\tex/generic/babel/locale/es\babel-spanish.tex
Package babel Info: Importing font and identification data for spanish
(babel)             from babel-es.ini. Reported on input line 11.
)
\es@quottoks=\toks27
\es@quotdepth=\count337
))
LaTeX Encoding Info:    Redeclaring text command \guillemotleft (encoding OT1) on input line 11.
LaTeX Encoding Info:    Redeclaring text command \guillemotright (encoding OT1) on input line 11.
 (C:\Users\carlo\AppData\Local\Programs\MiKTeX\tex/latex/csquotes\csquotes.sty
Package: csquotes 2024-04-04 v5.2o context-sensitive quotations (JAW)
\csq@reset=\count338
\csq@gtype=\count339
\csq@glevel=\count340
\csq@qlevel=\count341
\csq@maxlvl=\count342
\csq@tshold=\count343
\csq@ltx@everypar=\toks28
 (C:\Users\carlo\AppData\Local\Programs\MiKTeX\tex/latex/csquotes\csquotes.def
File: csquotes.def 2024-04-04 v5.2o csquotes generic definitions (JAW)
)
Package csquotes Info: Trying to load configuration file 'csquotes.cfg'...
Package csquotes Info: ... configuration file loaded successfully.
 (C:\Users\carlo\AppData\Local\Programs\MiKTeX\tex/latex/csquotes\csquotes.cfg
File: csquotes.cfg 
)) (C:\Users\carlo\AppData\Local\Programs\MiKTeX\tex/latex/lm\lmodern.sty
Package: lmodern 2015/05/01 v1.6.1 Latin Modern Fonts
LaTeX Font Info:    Overwriting symbol font `operators' in version `normal'
(Font)                  OT1/cmr/m/n --> OT1/lmr/m/n on input line 22.
LaTeX Font Info:    Overwriting symbol font `letters' in version `normal'
(Font)                  OML/cmm/m/it --> OML/lmm/m/it on input line 23.
LaTeX Font Info:    Overwriting symbol font `symbols' in version `normal'
(Font)                  OMS/cmsy/m/n --> OMS/lmsy/m/n on input line 24.
LaTeX Font Info:    Overwriting symbol font `largesymbols' in version `normal'
(Font)                  OMX/cmex/m/n --> OMX/lmex/m/n on input line 25.
LaTeX Font Info:    Overwriting symbol font `operators' in version `bold'
(Font)                  OT1/cmr/bx/n --> OT1/lmr/bx/n on input line 26.
LaTeX Font Info:    Overwriting symbol font `letters' in version `bold'
(Font)                  OML/cmm/b/it --> OML/lmm/b/it on input line 27.
LaTeX Font Info:    Overwriting symbol font `symbols' in version `bold'
(Font)                  OMS/cmsy/b/n --> OMS/lmsy/b/n on input line 28.
LaTeX Font Info:    Overwriting symbol font `largesymbols' in version `bold'
(Font)                  OMX/cmex/m/n --> OMX/lmex/m/n on input line 29.
LaTeX Font Info:    Overwriting math alphabet `\mathbf' in version `normal'
(Font)                  OT1/cmr/bx/n --> OT1/lmr/bx/n on input line 31.
LaTeX Font Info:    Overwriting math alphabet `\mathsf' in version `normal'
(Font)                  OT1/cmss/m/n --> OT1/lmss/m/n on input line 32.
LaTeX Font Info:    Overwriting math alphabet `\mathit' in version `normal'
(Font)                  OT1/cmr/m/it --> OT1/lmr/m/it on input line 33.
LaTeX Font Info:    Overwriting math alphabet `\mathtt' in version `normal'
(Font)                  OT1/cmtt/m/n --> OT1/lmtt/m/n on input line 34.
LaTeX Font Info:    Overwriting math alphabet `\mathbf' in version `bold'
(Font)                  OT1/cmr/bx/n --> OT1/lmr/bx/n on input line 35.
LaTeX Font Info:    Overwriting math alphabet `\mathsf' in version `bold'
(Font)                  OT1/cmss/bx/n --> OT1/lmss/bx/n on input line 36.
LaTeX Font Info:    Overwriting math alphabet `\mathit' in version `bold'
(Font)                  OT1/cmr/bx/it --> OT1/lmr/bx/it on input line 37.
LaTeX Font Info:    Overwriting math alphabet `\mathtt' in version `bold'
(Font)                  OT1/cmtt/m/n --> OT1/lmtt/m/n on input line 38.
) (C:\Users\carlo\AppData\Local\Programs\MiKTeX\tex/latex/psnfss\mathpazo.sty
Package: mathpazo 2020/03/25 PSNFSS-v9.3 Palatino w/ Pazo Math (D.Puga, WaS) 
\symupright=\mathgroup4
) (C:\Users\carlo\AppData\Local\Programs\MiKTeX\tex/latex/graphics\graphicx.sty
Package: graphicx 2024/12/31 v1.2e Enhanced LaTeX Graphics (DPC,SPQR)
 (C:\Users\carlo\AppData\Local\Programs\MiKTeX\tex/latex/graphics\graphics.sty
Package: graphics 2024/08/06 v1.4g Standard LaTeX Graphics (DPC,SPQR)
 (C:\Users\carlo\AppData\Local\Programs\MiKTeX\tex/latex/graphics\trig.sty
Package: trig 2023/12/02 v1.11 sin cos tan (DPC)
) (C:\Users\carlo\AppData\Local\Programs\MiKTeX\tex/latex/graphics-cfg\graphics.cfg
File: graphics.cfg 2016/06/04 v1.11 sample graphics configuration
)
Package graphics Info: Driver file: pdftex.def on input line 106.
 (C:\Users\carlo\AppData\Local\Programs\MiKTeX\tex/latex/graphics-def\pdftex.def
File: pdftex.def 2024/04/13 v1.2c Graphics/color driver for pdftex
))
\Gin@req@height=\dimen194
\Gin@req@width=\dimen195
) (C:\Users\carlo\AppData\Local\Programs\MiKTeX\tex/latex/amsmath\amsmath.sty
Package: amsmath 2025/05/18 v2.17x AMS math features
\@mathmargin=\skip191

For additional information on amsmath, use the `?' option.
(C:\Users\carlo\AppData\Local\Programs\MiKTeX\tex/latex/amsmath\amstext.sty
Package: amstext 2024/11/17 v2.01 AMS text
 (C:\Users\carlo\AppData\Local\Programs\MiKTeX\tex/latex/amsmath\amsgen.sty
File: amsgen.sty 1999/11/30 v2.0 generic functions
\@emptytoks=\toks29
\ex@=\dimen196
)) (C:\Users\carlo\AppData\Local\Programs\MiKTeX\tex/latex/amsmath\amsbsy.sty
Package: amsbsy 1999/11/29 v1.2d Bold Symbols
\pmbraise@=\dimen197
) (C:\Users\carlo\AppData\Local\Programs\MiKTeX\tex/latex/amsmath\amsopn.sty
Package: amsopn 2022/04/08 v2.04 operator names
)
\inf@bad=\count344
LaTeX Info: Redefining \frac on input line 233.
\uproot@=\count345
\leftroot@=\count346
LaTeX Info: Redefining \overline on input line 398.
LaTeX Info: Redefining \colon on input line 409.
\classnum@=\count347
\DOTSCASE@=\count348
LaTeX Info: Redefining \ldots on input line 495.
LaTeX Info: Redefining \dots on input line 498.
LaTeX Info: Redefining \cdots on input line 619.
\Mathstrutbox@=\box58
\strutbox@=\box59
LaTeX Info: Redefining \big on input line 721.
LaTeX Info: Redefining \Big on input line 722.
LaTeX Info: Redefining \bigg on input line 723.
LaTeX Info: Redefining \Bigg on input line 724.
\big@size=\dimen198
LaTeX Font Info:    Redeclaring font encoding OML on input line 742.
LaTeX Font Info:    Redeclaring font encoding OMS on input line 743.
\macc@depth=\count349
LaTeX Info: Redefining \bmod on input line 904.
LaTeX Info: Redefining \pmod on input line 909.
LaTeX Info: Redefining \smash on input line 939.
LaTeX Info: Redefining \relbar on input line 969.
LaTeX Info: Redefining \Relbar on input line 970.
\c@MaxMatrixCols=\count350
\dotsspace@=\muskip17
\c@parentequation=\count351
\dspbrk@lvl=\count352
\tag@help=\toks30
\row@=\count353
\column@=\count354
\maxfields@=\count355
\andhelp@=\toks31
\eqnshift@=\dimen199
\alignsep@=\dimen256
\tagshift@=\dimen257
\tagwidth@=\dimen258
\totwidth@=\dimen259
\lineht@=\dimen260
\@envbody=\toks32
\multlinegap=\skip192
\multlinetaggap=\skip193
\mathdisplay@stack=\toks33
LaTeX Info: Redefining \[ on input line 2949.
LaTeX Info: Redefining \] on input line 2950.
) (C:\Users\carlo\AppData\Local\Programs\MiKTeX\tex/latex/amsfonts\amssymb.sty
Package: amssymb 2013/01/14 v3.01 AMS font symbols
 (C:\Users\carlo\AppData\Local\Programs\MiKTeX\tex/latex/amsfonts\amsfonts.sty
Package: amsfonts 2013/01/14 v3.01 Basic AMSFonts support
\symAMSa=\mathgroup5
\symAMSb=\mathgroup6
LaTeX Font Info:    Redeclaring math symbol \hbar on input line 98.
LaTeX Font Info:    Overwriting math alphabet `\mathfrak' in version `bold'
(Font)                  U/euf/m/n --> U/euf/b/n on input line 106.
)) (C:\Users\carlo\AppData\Local\Programs\MiKTeX\tex/latex/multirow\multirow.sty
Package: multirow 2024/11/12 v2.9 Span multiple rows of a table
\multirow@colwidth=\skip194
\multirow@cntb=\count356
\multirow@dima=\skip195
\bigstrutjot=\dimen261
) (C:\Users\carlo\AppData\Local\Programs\MiKTeX\tex/latex/siunitx\siunitx.sty
Package: siunitx 2025-05-22 v3.4.12 A comprehensive (SI) units package
\l__siunitx_number_uncert_offset_int=\count357
\l__siunitx_number_exponent_fixed_int=\count358
\l__siunitx_number_min_decimal_int=\count359
\l__siunitx_number_min_integer_int=\count360
\l__siunitx_number_round_precision_int=\count361
\l__siunitx_number_lower_threshold_int=\count362
\l__siunitx_number_upper_threshold_int=\count363
\l__siunitx_number_group_first_int=\count364
\l__siunitx_number_group_size_int=\count365
\l__siunitx_number_group_minimum_int=\count366
\l__siunitx_angle_tmp_dim=\dimen262
\l__siunitx_angle_marker_box=\box60
\l__siunitx_angle_unit_box=\box61
\l__siunitx_compound_count_int=\count367
 (C:\Users\carlo\AppData\Local\Programs\MiKTeX\tex/latex/translations\translations.sty
Package: translations 2022/02/05 v1.12 internationalization of LaTeX2e packages (CN)
 (C:\Users\carlo\AppData\Local\Programs\MiKTeX\tex/generic/pdftexcmds\pdftexcmds.sty
Package: pdftexcmds 2020-06-27 v0.33 Utility functions of pdfTeX for LuaTeX (HO)
Package pdftexcmds Info: \pdf@primitive is available.
Package pdftexcmds Info: \pdf@ifprimitive is available.
Package pdftexcmds Info: \pdfdraftmode found.
))
\l__siunitx_table_tmp_box=\box62
\l__siunitx_table_tmp_dim=\dimen263
\l__siunitx_table_column_width_dim=\dimen264
\l__siunitx_table_integer_box=\box63
\l__siunitx_table_decimal_box=\box64
\l__siunitx_table_uncert_box=\box65
\l__siunitx_table_before_box=\box66
\l__siunitx_table_after_box=\box67
\l__siunitx_table_before_dim=\dimen265
\l__siunitx_table_carry_dim=\dimen266
\l__siunitx_unit_tmp_int=\count368
\l__siunitx_unit_position_int=\count369
\l__siunitx_unit_total_int=\count370
) (C:\Users\carlo\AppData\Local\Programs\MiKTeX\tex/latex/numprint\numprint.sty
Package: numprint 2012/08/20 v1.39 Print numbers (HH)
\c@nprt@mantissa@digitsbefore=\count371
\c@nprt@mantissa@digitsafter=\count372
\c@nprt@exponent@digitsbefore=\count373
\c@nprt@exponent@digitsafter=\count374
\nprt@digitwidth=\skip196
\nprt@sepwidth=\skip197
\nprt@decimalwidth=\skip198
\nprt@blockwidth=\skip199
\nprt@digittoks=\toks34
\nprt@pretoks=\toks35
\nprt@posttoks=\toks36
\nprt@thisdigit=\count375
\nprt@curpos=\count376
\nprt@rndpos=\count377
\c@nprt@digitsfirstblock=\count378
\c@nprt@blockcnt=\count379
\c@nprt@cntprint=\count380
 No configuration file `numprint.cfg' found.) (C:\Users\carlo\AppData\Local\Programs\MiKTeX\tex/latex/tools\multicol.sty
Package: multicol 2025/05/25 v2.0a multicolumn formatting (FMi)
\c@tracingmulticols=\count381
\mult@box=\box68
\multicol@leftmargin=\dimen267
\c@unbalance=\count382
\c@collectmore=\count383
\doublecol@number=\count384
\multicoltolerance=\count385
\multicolpretolerance=\count386
\full@width=\dimen268
\page@free=\dimen269
\premulticols=\dimen270
\postmulticols=\dimen271
\multicolsep=\skip256
\multicolbaselineskip=\skip257
\partial@page=\box69
\last@line=\box70
\mc@boxedresult=\box71
\maxbalancingoverflow=\dimen272
\mult@rightbox=\box72
\mult@grightbox=\box73
\mult@firstbox=\box74
\mult@gfirstbox=\box75
\@tempa=\box76
\@tempa=\box77
\@tempa=\box78
\@tempa=\box79
\@tempa=\box80
\@tempa=\box81
\@tempa=\box82
\@tempa=\box83
\@tempa=\box84
\@tempa=\box85
\@tempa=\box86
\@tempa=\box87
\@tempa=\box88
\@tempa=\box89
\@tempa=\box90
\@tempa=\box91
\@tempa=\box92
\@tempa=\box93
\@tempa=\box94
\@tempa=\box95
\@tempa=\box96
\@tempa=\box97
\@tempa=\box98
\@tempa=\box99
\@tempa=\box100
\@tempa=\box101
\@tempa=\box102
\@tempa=\box103
\@tempa=\box104
\@tempa=\box105
\@tempa=\box106
\@tempa=\box107
\@tempa=\box108
\@tempa=\box109
\@tempa=\box110
\@tempa=\box111
\c@minrows=\count387
\c@columnbadness=\count388
\c@finalcolumnbadness=\count389
\last@try=\dimen273
\multicolovershoot=\dimen274
\multicolundershoot=\dimen275
\mult@nat@firstbox=\box112
\colbreak@box=\box113
\mc@col@check@num=\count390
\g__mc_curr_col_int=\count391
) (C:\Users\carlo\AppData\Local\Programs\MiKTeX\tex/latex/float\float.sty
Package: float 2001/11/08 v1.3d Float enhancements (AL)
\c@float@type=\count392
\float@exts=\toks37
\float@box=\box114
\@float@everytoks=\toks38
\@floatcapt=\box115
)
c:/Users/carlo/Desktop/logistica/tesis/mitesis/main.tex:36: Use of \??? doesn't match its definition.
<argument> \???  
                 ! LaTeX Error: Misplaced '=' in key-value input on line 36
l.36 }
      
If you say, e.g., `\def\a1{...}', then you must always
put `1' after `\a', since control sequence names are
made up of letters only. The macro here has not been
followed by the required stuff, so I'm ignoring it.


Package siunitx Info: Option "detect-all" has been deprecated in this release.
(siunitx)             
(siunitx)             Use "mode = match, propagate-math-font = true,
(siunitx)             reset-math-version = false, reset-text-family = false,
(siunitx)             reset-text-series = false, reset-text-shape = false,
(siunitx)             text-family-to-math = true, text-series-to-math = true"
(siunitx)             as a replacement.

(C:\Users\carlo\AppData\Local\Programs\MiKTeX\tex/latex/pgf/frontendlayer\tikz.sty (C:\Users\carlo\AppData\Local\Programs\MiKTeX\tex/latex/pgf/basiclayer\pgf.sty (C:\Users\carlo\AppData\Local\Programs\MiKTeX\tex/latex/pgf/utilities\pgfrcs.sty (C:\Users\carlo\AppData\Local\Programs\MiKTeX\tex/generic/pgf/utilities\pgfutil-common.tex
\pgfutil@everybye=\toks39
\pgfutil@tempdima=\dimen276
\pgfutil@tempdimb=\dimen277
) (C:\Users\carlo\AppData\Local\Programs\MiKTeX\tex/generic/pgf/utilities\pgfutil-latex.def
\pgfutil@abb=\box116
) (C:\Users\carlo\AppData\Local\Programs\MiKTeX\tex/generic/pgf/utilities\pgfrcs.code.tex (C:\Users\carlo\AppData\Local\Programs\MiKTeX\tex/generic/pgf\pgf.revision.tex)
Package: pgfrcs 2023-01-15 v3.1.10 (3.1.10)
))
Package: pgf 2023-01-15 v3.1.10 (3.1.10)
 (C:\Users\carlo\AppData\Local\Programs\MiKTeX\tex/latex/pgf/basiclayer\pgfcore.sty (C:\Users\carlo\AppData\Local\Programs\MiKTeX\tex/latex/pgf/systemlayer\pgfsys.sty (C:\Users\carlo\AppData\Local\Programs\MiKTeX\tex/generic/pgf/systemlayer\pgfsys.code.tex
Package: pgfsys 2023-01-15 v3.1.10 (3.1.10)
 (C:\Users\carlo\AppData\Local\Programs\MiKTeX\tex/generic/pgf/utilities\pgfkeys.code.tex
\pgfkeys@pathtoks=\toks40
\pgfkeys@temptoks=\toks41
 (C:\Users\carlo\AppData\Local\Programs\MiKTeX\tex/generic/pgf/utilities\pgfkeyslibraryfiltered.code.tex
\pgfkeys@tmptoks=\toks42
))
\pgf@x=\dimen278
\pgf@y=\dimen279
\pgf@xa=\dimen280
\pgf@ya=\dimen281
\pgf@xb=\dimen282
\pgf@yb=\dimen283
\pgf@xc=\dimen284
\pgf@yc=\dimen285
\pgf@xd=\dimen286
\pgf@yd=\dimen287
\w@pgf@writea=\write4
\r@pgf@reada=\read4
\c@pgf@counta=\count393
\c@pgf@countb=\count394
\c@pgf@countc=\count395
\c@pgf@countd=\count396
\t@pgf@toka=\toks43
\t@pgf@tokb=\toks44
\t@pgf@tokc=\toks45
\pgf@sys@id@count=\count397
 (C:\Users\carlo\AppData\Local\Programs\MiKTeX\tex/generic/pgf/systemlayer\pgf.cfg
File: pgf.cfg 2023-01-15 v3.1.10 (3.1.10)
)
Driver file for pgf: pgfsys-pdftex.def
 (C:\Users\carlo\AppData\Local\Programs\MiKTeX\tex/generic/pgf/systemlayer\pgfsys-pdftex.def
File: pgfsys-pdftex.def 2023-01-15 v3.1.10 (3.1.10)
 (C:\Users\carlo\AppData\Local\Programs\MiKTeX\tex/generic/pgf/systemlayer\pgfsys-common-pdf.def
File: pgfsys-common-pdf.def 2023-01-15 v3.1.10 (3.1.10)
))) (C:\Users\carlo\AppData\Local\Programs\MiKTeX\tex/generic/pgf/systemlayer\pgfsyssoftpath.code.tex
File: pgfsyssoftpath.code.tex 2023-01-15 v3.1.10 (3.1.10)
\pgfsyssoftpath@smallbuffer@items=\count398
\pgfsyssoftpath@bigbuffer@items=\count399
) (C:\Users\carlo\AppData\Local\Programs\MiKTeX\tex/generic/pgf/systemlayer\pgfsysprotocol.code.tex
File: pgfsysprotocol.code.tex 2023-01-15 v3.1.10 (3.1.10)
)) (C:\Users\carlo\AppData\Local\Programs\MiKTeX\tex/latex/xcolor\xcolor.sty
Package: xcolor 2024/09/29 v3.02 LaTeX color extensions (UK)
 (C:\Users\carlo\AppData\Local\Programs\MiKTeX\tex/latex/graphics-cfg\color.cfg
File: color.cfg 2016/01/02 v1.6 sample color configuration
)
Package xcolor Info: Driver file: pdftex.def on input line 274.
 (C:\Users\carlo\AppData\Local\Programs\MiKTeX\tex/latex/graphics\mathcolor.ltx)
Package xcolor Info: Model `cmy' substituted by `cmy0' on input line 1349.
Package xcolor Info: Model `hsb' substituted by `rgb' on input line 1353.
Package xcolor Info: Model `RGB' extended on input line 1365.
Package xcolor Info: Model `HTML' substituted by `rgb' on input line 1367.
Package xcolor Info: Model `Hsb' substituted by `hsb' on input line 1368.
Package xcolor Info: Model `tHsb' substituted by `hsb' on input line 1369.
Package xcolor Info: Model `HSB' substituted by `hsb' on input line 1370.
Package xcolor Info: Model `Gray' substituted by `gray' on input line 1371.
Package xcolor Info: Model `wave' substituted by `hsb' on input line 1372.
) (C:\Users\carlo\AppData\Local\Programs\MiKTeX\tex/generic/pgf/basiclayer\pgfcore.code.tex
Package: pgfcore 2023-01-15 v3.1.10 (3.1.10)
 (C:\Users\carlo\AppData\Local\Programs\MiKTeX\tex/generic/pgf/math\pgfmath.code.tex (C:\Users\carlo\AppData\Local\Programs\MiKTeX\tex/generic/pgf/math\pgfmathutil.code.tex) (C:\Users\carlo\AppData\Local\Programs\MiKTeX\tex/generic/pgf/math\pgfmathparser.code.tex
\pgfmath@dimen=\dimen288
\pgfmath@count=\count400
\pgfmath@box=\box117
\pgfmath@toks=\toks46
\pgfmath@stack@operand=\toks47
\pgfmath@stack@operation=\toks48
) (C:\Users\carlo\AppData\Local\Programs\MiKTeX\tex/generic/pgf/math\pgfmathfunctions.code.tex) (C:\Users\carlo\AppData\Local\Programs\MiKTeX\tex/generic/pgf/math\pgfmathfunctions.basic.code.tex) (C:\Users\carlo\AppData\Local\Programs\MiKTeX\tex/generic/pgf/math\pgfmathfunctions.trigonometric.code.tex) (C:\Users\carlo\AppData\Local\Programs\MiKTeX\tex/generic/pgf/math\pgfmathfunctions.random.code.tex) (C:\Users\carlo\AppData\Local\Programs\MiKTeX\tex/generic/pgf/math\pgfmathfunctions.comparison.code.tex) (C:\Users\carlo\AppData\Local\Programs\MiKTeX\tex/generic/pgf/math\pgfmathfunctions.base.code.tex) (C:\Users\carlo\AppData\Local\Programs\MiKTeX\tex/generic/pgf/math\pgfmathfunctions.round.code.tex) (C:\Users\carlo\AppData\Local\Programs\MiKTeX\tex/generic/pgf/math\pgfmathfunctions.misc.code.tex) (C:\Users\carlo\AppData\Local\Programs\MiKTeX\tex/generic/pgf/math\pgfmathfunctions.integerarithmetics.code.tex) (C:\Users\carlo\AppData\Local\Programs\MiKTeX\tex/generic/pgf/math\pgfmathcalc.code.tex) (C:\Users\carlo\AppData\Local\Programs\MiKTeX\tex/generic/pgf/math\pgfmathfloat.code.tex
\c@pgfmathroundto@lastzeros=\count401
)) (C:\Users\carlo\AppData\Local\Programs\MiKTeX\tex/generic/pgf/math\pgfint.code.tex) (C:\Users\carlo\AppData\Local\Programs\MiKTeX\tex/generic/pgf/basiclayer\pgfcorepoints.code.tex
File: pgfcorepoints.code.tex 2023-01-15 v3.1.10 (3.1.10)
\pgf@picminx=\dimen289
\pgf@picmaxx=\dimen290
\pgf@picminy=\dimen291
\pgf@picmaxy=\dimen292
\pgf@pathminx=\dimen293
\pgf@pathmaxx=\dimen294
\pgf@pathminy=\dimen295
\pgf@pathmaxy=\dimen296
\pgf@xx=\dimen297
\pgf@xy=\dimen298
\pgf@yx=\dimen299
\pgf@yy=\dimen300
\pgf@zx=\dimen301
\pgf@zy=\dimen302
) (C:\Users\carlo\AppData\Local\Programs\MiKTeX\tex/generic/pgf/basiclayer\pgfcorepathconstruct.code.tex
File: pgfcorepathconstruct.code.tex 2023-01-15 v3.1.10 (3.1.10)
\pgf@path@lastx=\dimen303
\pgf@path@lasty=\dimen304
) (C:\Users\carlo\AppData\Local\Programs\MiKTeX\tex/generic/pgf/basiclayer\pgfcorepathusage.code.tex
File: pgfcorepathusage.code.tex 2023-01-15 v3.1.10 (3.1.10)
\pgf@shorten@end@additional=\dimen305
\pgf@shorten@start@additional=\dimen306
) (C:\Users\carlo\AppData\Local\Programs\MiKTeX\tex/generic/pgf/basiclayer\pgfcorescopes.code.tex
File: pgfcorescopes.code.tex 2023-01-15 v3.1.10 (3.1.10)
\pgfpic=\box118
\pgf@hbox=\box119
\pgf@layerbox@main=\box120
\pgf@picture@serial@count=\count402
) (C:\Users\carlo\AppData\Local\Programs\MiKTeX\tex/generic/pgf/basiclayer\pgfcoregraphicstate.code.tex
File: pgfcoregraphicstate.code.tex 2023-01-15 v3.1.10 (3.1.10)
\pgflinewidth=\dimen307
) (C:\Users\carlo\AppData\Local\Programs\MiKTeX\tex/generic/pgf/basiclayer\pgfcoretransformations.code.tex
File: pgfcoretransformations.code.tex 2023-01-15 v3.1.10 (3.1.10)
\pgf@pt@x=\dimen308
\pgf@pt@y=\dimen309
\pgf@pt@temp=\dimen310
) (C:\Users\carlo\AppData\Local\Programs\MiKTeX\tex/generic/pgf/basiclayer\pgfcorequick.code.tex
File: pgfcorequick.code.tex 2023-01-15 v3.1.10 (3.1.10)
) (C:\Users\carlo\AppData\Local\Programs\MiKTeX\tex/generic/pgf/basiclayer\pgfcoreobjects.code.tex
File: pgfcoreobjects.code.tex 2023-01-15 v3.1.10 (3.1.10)
) (C:\Users\carlo\AppData\Local\Programs\MiKTeX\tex/generic/pgf/basiclayer\pgfcorepathprocessing.code.tex
File: pgfcorepathprocessing.code.tex 2023-01-15 v3.1.10 (3.1.10)
) (C:\Users\carlo\AppData\Local\Programs\MiKTeX\tex/generic/pgf/basiclayer\pgfcorearrows.code.tex
File: pgfcorearrows.code.tex 2023-01-15 v3.1.10 (3.1.10)
\pgfarrowsep=\dimen311
) (C:\Users\carlo\AppData\Local\Programs\MiKTeX\tex/generic/pgf/basiclayer\pgfcoreshade.code.tex
File: pgfcoreshade.code.tex 2023-01-15 v3.1.10 (3.1.10)
\pgf@max=\dimen312
\pgf@sys@shading@range@num=\count403
\pgf@shadingcount=\count404
) (C:\Users\carlo\AppData\Local\Programs\MiKTeX\tex/generic/pgf/basiclayer\pgfcoreimage.code.tex
File: pgfcoreimage.code.tex 2023-01-15 v3.1.10 (3.1.10)
) (C:\Users\carlo\AppData\Local\Programs\MiKTeX\tex/generic/pgf/basiclayer\pgfcoreexternal.code.tex
File: pgfcoreexternal.code.tex 2023-01-15 v3.1.10 (3.1.10)
\pgfexternal@startupbox=\box121
) (C:\Users\carlo\AppData\Local\Programs\MiKTeX\tex/generic/pgf/basiclayer\pgfcorelayers.code.tex
File: pgfcorelayers.code.tex 2023-01-15 v3.1.10 (3.1.10)
) (C:\Users\carlo\AppData\Local\Programs\MiKTeX\tex/generic/pgf/basiclayer\pgfcoretransparency.code.tex
File: pgfcoretransparency.code.tex 2023-01-15 v3.1.10 (3.1.10)
) (C:\Users\carlo\AppData\Local\Programs\MiKTeX\tex/generic/pgf/basiclayer\pgfcorepatterns.code.tex
File: pgfcorepatterns.code.tex 2023-01-15 v3.1.10 (3.1.10)
) (C:\Users\carlo\AppData\Local\Programs\MiKTeX\tex/generic/pgf/basiclayer\pgfcorerdf.code.tex
File: pgfcorerdf.code.tex 2023-01-15 v3.1.10 (3.1.10)
))) (C:\Users\carlo\AppData\Local\Programs\MiKTeX\tex/generic/pgf/modules\pgfmoduleshapes.code.tex
File: pgfmoduleshapes.code.tex 2023-01-15 v3.1.10 (3.1.10)
\pgfnodeparttextbox=\box122
) (C:\Users\carlo\AppData\Local\Programs\MiKTeX\tex/generic/pgf/modules\pgfmoduleplot.code.tex
File: pgfmoduleplot.code.tex 2023-01-15 v3.1.10 (3.1.10)
) (C:\Users\carlo\AppData\Local\Programs\MiKTeX\tex/latex/pgf/compatibility\pgfcomp-version-0-65.sty
Package: pgfcomp-version-0-65 2023-01-15 v3.1.10 (3.1.10)
\pgf@nodesepstart=\dimen313
\pgf@nodesepend=\dimen314
) (C:\Users\carlo\AppData\Local\Programs\MiKTeX\tex/latex/pgf/compatibility\pgfcomp-version-1-18.sty
Package: pgfcomp-version-1-18 2023-01-15 v3.1.10 (3.1.10)
)) (C:\Users\carlo\AppData\Local\Programs\MiKTeX\tex/latex/pgf/utilities\pgffor.sty (C:\Users\carlo\AppData\Local\Programs\MiKTeX\tex/latex/pgf/utilities\pgfkeys.sty (C:\Users\carlo\AppData\Local\Programs\MiKTeX\tex/generic/pgf/utilities\pgfkeys.code.tex)) (C:\Users\carlo\AppData\Local\Programs\MiKTeX\tex/latex/pgf/math\pgfmath.sty (C:\Users\carlo\AppData\Local\Programs\MiKTeX\tex/generic/pgf/math\pgfmath.code.tex)) (C:\Users\carlo\AppData\Local\Programs\MiKTeX\tex/generic/pgf/utilities\pgffor.code.tex
Package: pgffor 2023-01-15 v3.1.10 (3.1.10)
\pgffor@iter=\dimen315
\pgffor@skip=\dimen316
\pgffor@stack=\toks49
\pgffor@toks=\toks50
)) (C:\Users\carlo\AppData\Local\Programs\MiKTeX\tex/generic/pgf/frontendlayer/tikz\tikz.code.tex
Package: tikz 2023-01-15 v3.1.10 (3.1.10)
 (C:\Users\carlo\AppData\Local\Programs\MiKTeX\tex/generic/pgf/libraries\pgflibraryplothandlers.code.tex
File: pgflibraryplothandlers.code.tex 2023-01-15 v3.1.10 (3.1.10)
\pgf@plot@mark@count=\count405
\pgfplotmarksize=\dimen317
)
\tikz@lastx=\dimen318
\tikz@lasty=\dimen319
\tikz@lastxsaved=\dimen320
\tikz@lastysaved=\dimen321
\tikz@lastmovetox=\dimen322
\tikz@lastmovetoy=\dimen323
\tikzleveldistance=\dimen324
\tikzsiblingdistance=\dimen325
\tikz@figbox=\box123
\tikz@figbox@bg=\box124
\tikz@tempbox=\box125
\tikz@tempbox@bg=\box126
\tikztreelevel=\count406
\tikznumberofchildren=\count407
\tikznumberofcurrentchild=\count408
\tikz@fig@count=\count409
 (C:\Users\carlo\AppData\Local\Programs\MiKTeX\tex/generic/pgf/modules\pgfmodulematrix.code.tex
File: pgfmodulematrix.code.tex 2023-01-15 v3.1.10 (3.1.10)
\pgfmatrixcurrentrow=\count410
\pgfmatrixcurrentcolumn=\count411
\pgf@matrix@numberofcolumns=\count412
)
\tikz@expandcount=\count413
 (C:\Users\carlo\AppData\Local\Programs\MiKTeX\tex/generic/pgf/frontendlayer/tikz/libraries\tikzlibrarytopaths.code.tex
File: tikzlibrarytopaths.code.tex 2023-01-15 v3.1.10 (3.1.10)
))) (C:\Users\carlo\AppData\Local\Programs\MiKTeX\tex/generic/pgf/libraries\pgflibraryarrows.meta.code.tex
File: pgflibraryarrows.meta.code.tex 2023-01-15 v3.1.10 (3.1.10)
\pgfarrowinset=\dimen326
\pgfarrowlength=\dimen327
\pgfarrowwidth=\dimen328
\pgfarrowlinewidth=\dimen329
) (C:\Users\carlo\AppData\Local\Programs\MiKTeX\tex/generic/pgf/frontendlayer/tikz/libraries\tikzlibrarychains.code.tex
File: tikzlibrarychains.code.tex 2023-01-15 v3.1.10 (3.1.10)
 (C:\Users\carlo\AppData\Local\Programs\MiKTeX\tex/generic/pgf/frontendlayer/tikz/libraries\tikzlibrarypositioning.code.tex
File: tikzlibrarypositioning.code.tex 2023-01-15 v3.1.10 (3.1.10)
)) (C:\Users\carlo\AppData\Local\Programs\MiKTeX\tex/generic/pgf/frontendlayer/tikz/libraries\tikzlibraryshapes.geometric.code.tex
File: tikzlibraryshapes.geometric.code.tex 2023-01-15 v3.1.10 (3.1.10)
 (C:\Users\carlo\AppData\Local\Programs\MiKTeX\tex/generic/pgf/libraries/shapes\pgflibraryshapes.geometric.code.tex
File: pgflibraryshapes.geometric.code.tex 2023-01-15 v3.1.10 (3.1.10)
)) (C:\Users\carlo\AppData\Local\Programs\MiKTeX\tex/latex/listings\listings.sty
\lst@mode=\count414
\lst@gtempboxa=\box127
\lst@token=\toks51
\lst@length=\count415
\lst@currlwidth=\dimen330
\lst@column=\count416
\lst@pos=\count417
\lst@lostspace=\dimen331
\lst@width=\dimen332
\lst@newlines=\count418
\lst@lineno=\count419
\lst@maxwidth=\dimen333
 (C:\Users\carlo\AppData\Local\Programs\MiKTeX\tex/latex/listings\lstpatch.sty
File: lstpatch.sty 2024/09/23 1.10c (Carsten Heinz)
) (C:\Users\carlo\AppData\Local\Programs\MiKTeX\tex/latex/listings\lstmisc.sty
File: lstmisc.sty 2024/09/23 1.10c (Carsten Heinz)
\c@lstnumber=\count420
\lst@skipnumbers=\count421
\lst@framebox=\box128
) (C:\Users\carlo\AppData\Local\Programs\MiKTeX\tex/latex/listings\listings.cfg
File: listings.cfg 2024/09/23 1.10c listings configuration
))
Package: listings 2024/09/23 1.10c (Carsten Heinz)
 (C:\Users\carlo\AppData\Local\Programs\MiKTeX\tex/latex/biblatex\biblatex.sty
Package: biblatex 2024/03/21 v3.20 programmable bibliographies (PK/MW)
 (C:\Users\carlo\AppData\Local\Programs\MiKTeX\tex/latex/logreq\logreq.sty
Package: logreq 2010/08/04 v1.0 xml request logger
\lrq@indent=\count422
 (C:\Users\carlo\AppData\Local\Programs\MiKTeX\tex/latex/logreq\logreq.def
File: logreq.def 2010/08/04 v1.0 logreq spec v1.0
)) (C:\Users\carlo\AppData\Local\Programs\MiKTeX\tex/latex/base\ifthen.sty
Package: ifthen 2024/03/16 v1.1e Standard LaTeX ifthen package (DPC)
) (C:\Users\carlo\AppData\Local\Programs\MiKTeX\tex/latex/url\url.sty
\Urlmuskip=\muskip18
Package: url 2013/09/16  ver 3.4  Verb mode for urls, etc.
)
\c@tabx@nest=\count423
\c@listtotal=\count424
\c@listcount=\count425
\c@liststart=\count426
\c@liststop=\count427
\c@citecount=\count428
\c@citetotal=\count429
\c@multicitecount=\count430
\c@multicitetotal=\count431
\c@instcount=\count432
\c@maxnames=\count433
\c@minnames=\count434
\c@maxitems=\count435
\c@minitems=\count436
\c@citecounter=\count437
\c@maxcitecounter=\count438
\c@savedcitecounter=\count439
\c@uniquelist=\count440
\c@uniquename=\count441
\c@refsection=\count442
\c@refsegment=\count443
\c@maxextratitle=\count444
\c@maxextratitleyear=\count445
\c@maxextraname=\count446
\c@maxextradate=\count447
\c@maxextraalpha=\count448
\c@abbrvpenalty=\count449
\c@highnamepenalty=\count450
\c@lownamepenalty=\count451
\c@maxparens=\count452
\c@parenlevel=\count453
\blx@tempcnta=\count454
\blx@tempcntb=\count455
\blx@tempcntc=\count456
\c@blx@maxsection=\count457
\blx@maxsegment@0=\count458
\blx@notetype=\count459
\blx@parenlevel@text=\count460
\blx@parenlevel@foot=\count461
\blx@sectionciteorder@0=\count462
\blx@sectionciteorderinternal@0=\count463
\blx@entrysetcounter=\count464
\blx@biblioinstance=\count465
\labelnumberwidth=\skip258
\labelalphawidth=\skip259
\biblabelsep=\skip260
\bibnamesep=\skip261
\bibinitsep=\skip262
\bibparsep=\skip263
\bibhang=\skip264
\blx@bcfin=\read5
\blx@bcfout=\write5
\blx@langwohyphens=\language80
\c@mincomprange=\count466
\c@maxcomprange=\count467
\c@mincompwidth=\count468
Package biblatex Info: Trying to load biblatex default data model...
Package biblatex Info: ... file 'blx-dm.def' found.
 (C:\Users\carlo\AppData\Local\Programs\MiKTeX\tex/latex/biblatex\blx-dm.def
File: blx-dm.def 2024/03/21 v3.20 biblatex datamodel (PK/MW)
)
Package biblatex Info: Trying to load biblatex style data model...
Package biblatex Info: ... file 'ieee.dbx' not found.
Package biblatex Info: Trying to load biblatex custom data model...
Package biblatex Info: ... file 'biblatex-dm.cfg' not found.
\c@afterword=\count469
\c@savedafterword=\count470
\c@annotator=\count471
\c@savedannotator=\count472
\c@author=\count473
\c@savedauthor=\count474
\c@bookauthor=\count475
\c@savedbookauthor=\count476
\c@commentator=\count477
\c@savedcommentator=\count478
\c@editor=\count479
\c@savededitor=\count480
\c@editora=\count481
\c@savededitora=\count482
\c@editorb=\count483
\c@savededitorb=\count484
\c@editorc=\count485
\c@savededitorc=\count486
\c@foreword=\count487
\c@savedforeword=\count488
\c@holder=\count489
\c@savedholder=\count490
\c@introduction=\count491
\c@savedintroduction=\count492
\c@namea=\count493
\c@savednamea=\count494
\c@nameb=\count495
\c@savednameb=\count496
\c@namec=\count497
\c@savednamec=\count498
\c@translator=\count499
\c@savedtranslator=\count500
\c@shortauthor=\count501
\c@savedshortauthor=\count502
\c@shorteditor=\count503
\c@savedshorteditor=\count504
\c@labelname=\count505
\c@savedlabelname=\count506
\c@institution=\count507
\c@savedinstitution=\count508
\c@lista=\count509
\c@savedlista=\count510
\c@listb=\count511
\c@savedlistb=\count512
\c@listc=\count513
\c@savedlistc=\count514
\c@listd=\count515
\c@savedlistd=\count516
\c@liste=\count517
\c@savedliste=\count518
\c@listf=\count519
\c@savedlistf=\count520
\c@location=\count521
\c@savedlocation=\count522
\c@organization=\count523
\c@savedorganization=\count524
\c@origlocation=\count525
\c@savedoriglocation=\count526
\c@origpublisher=\count527
\c@savedorigpublisher=\count528
\c@publisher=\count529
\c@savedpublisher=\count530
\c@language=\count531
\c@savedlanguage=\count532
\c@origlanguage=\count533
\c@savedoriglanguage=\count534
\c@pageref=\count535
\c@savedpageref=\count536
\shorthandwidth=\skip265
\shortjournalwidth=\skip266
\shortserieswidth=\skip267
\shorttitlewidth=\skip268
\shortauthorwidth=\skip269
\shorteditorwidth=\skip270
\locallabelnumberwidth=\skip271
\locallabelalphawidth=\skip272
\localshorthandwidth=\skip273
\localshortjournalwidth=\skip274
\localshortserieswidth=\skip275
\localshorttitlewidth=\skip276
\localshortauthorwidth=\skip277
\localshorteditorwidth=\skip278
Package biblatex Info: Trying to load compatibility code...
Package biblatex Info: ... file 'blx-compat.def' found.
 (C:\Users\carlo\AppData\Local\Programs\MiKTeX\tex/latex/biblatex\blx-compat.def
File: blx-compat.def 2024/03/21 v3.20 biblatex compatibility (PK/MW)
)
Package biblatex Info: Trying to load generic definitions...
Package biblatex Info: ... file 'biblatex.def' found.
 (C:\Users\carlo\AppData\Local\Programs\MiKTeX\tex/latex/biblatex\biblatex.def
File: biblatex.def 2024/03/21 v3.20 biblatex compatibility (PK/MW)
\c@textcitecount=\count537
\c@textcitetotal=\count538
\c@textcitemaxnames=\count539
\c@biburlbigbreakpenalty=\count540
\c@biburlbreakpenalty=\count541
\c@biburlnumpenalty=\count542
\c@biburlucpenalty=\count543
\c@biburllcpenalty=\count544
\biburlbigskip=\muskip19
\biburlnumskip=\muskip20
\biburlucskip=\muskip21
\biburllcskip=\muskip22
\c@smartand=\count545
)
Package biblatex Info: Trying to load bibliography style 'ieee'...
Package biblatex Info: ... file 'ieee.bbx' found.
 (C:\Users\carlo\AppData\Local\Programs\MiKTeX\tex/latex/biblatex-ieee\ieee.bbx
File: ieee.bbx 2025-08-01 v1.4f biblatex bibliography style
Package biblatex Info: Trying to load bibliography style 'numeric-comp'...
Package biblatex Info: ... file 'numeric-comp.bbx' found.
 (C:\Users\carlo\AppData\Local\Programs\MiKTeX\tex/latex/biblatex/bbx\numeric-comp.bbx
File: numeric-comp.bbx 2024/03/21 v3.20 biblatex bibliography style (PK/MW)
Package biblatex Info: Trying to load bibliography style 'numeric'...
Package biblatex Info: ... file 'numeric.bbx' found.
 (C:\Users\carlo\AppData\Local\Programs\MiKTeX\tex/latex/biblatex/bbx\numeric.bbx
File: numeric.bbx 2024/03/21 v3.20 biblatex bibliography style (PK/MW)
Package biblatex Info: Trying to load bibliography style 'standard'...
Package biblatex Info: ... file 'standard.bbx' found.
 (C:\Users\carlo\AppData\Local\Programs\MiKTeX\tex/latex/biblatex/bbx\standard.bbx
File: standard.bbx 2024/03/21 v3.20 biblatex bibliography style (PK/MW)
\c@bbx:relatedcount=\count546
\c@bbx:relatedtotal=\count547
))))
Package biblatex Info: Trying to load citation style 'ieee'...
Package biblatex Info: ... file 'ieee.cbx' found.
 (C:\Users\carlo\AppData\Local\Programs\MiKTeX\tex/latex/biblatex-ieee\ieee.cbx
File: ieee.cbx 2025-08-01 v1.4f biblatex citation style
Package biblatex Info: Trying to load citation style 'numeric-verb'...
Package biblatex Info: ... file 'numeric-verb.cbx' found.
 (C:\Users\carlo\AppData\Local\Programs\MiKTeX\tex/latex/biblatex/cbx\numeric-verb.cbx
File: numeric-verb.cbx 2024/03/21 v3.20 biblatex citation style (PK/MW)
Package biblatex Info: Redefining '\cite'.
Package biblatex Info: Redefining '\parencite'.
Package biblatex Info: Redefining '\footcite'.
Package biblatex Info: Redefining '\footcitetext'.
Package biblatex Info: Redefining '\smartcite'.
Package biblatex Info: Redefining '\textcite'.
Package biblatex Info: Redefining '\supercite'.
Package biblatex Info: Redefining '\parencites'.
Package biblatex Info: Redefining '\smartcites'.
Package biblatex Info: Redefining '\textcites'.
))
Package biblatex Info: Trying to load configuration file...
Package biblatex Info: ... file 'biblatex.cfg' found.
 (C:\Users\carlo\AppData\Local\Programs\MiKTeX\tex/latex/biblatex\biblatex.cfg
File: biblatex.cfg 
)
Package biblatex Info: Input encoding 'utf8' detected.
Package biblatex Info: Document encoding is UTF8 ....
Package biblatex Info: ... and expl3
(biblatex)             2025-05-26 L3 programming layer (loader) 
(biblatex)             is new enough (at least 2020/04/06),
(biblatex)             setting 'casechanger=expl3'.
 (C:\Users\carlo\AppData\Local\Programs\MiKTeX\tex/latex/biblatex\blx-case-expl3.sty
Package: blx-case-expl3 2024/03/21 v3.20 expl3 case changing code for biblatex
)) (C:\Users\carlo\AppData\Local\Programs\MiKTeX\tex/latex/hyperref\hyperref.sty
Package: hyperref 2025-05-20 v7.01m Hypertext links for LaTeX
 (C:\Users\carlo\AppData\Local\Programs\MiKTeX\tex/generic/kvdefinekeys\kvdefinekeys.sty
Package: kvdefinekeys 2019-12-19 v1.6 Define keys (HO)
) (C:\Users\carlo\AppData\Local\Programs\MiKTeX\tex/generic/pdfescape\pdfescape.sty
Package: pdfescape 2019/12/09 v1.15 Implements pdfTeX's escape features (HO)
) (C:\Users\carlo\AppData\Local\Programs\MiKTeX\tex/latex/hycolor\hycolor.sty
Package: hycolor 2020-01-27 v1.10 Color options for hyperref/bookmark (HO)
) (C:\Users\carlo\AppData\Local\Programs\MiKTeX\tex/generic/stringenc\stringenc.sty
Package: stringenc 2019/11/29 v1.12 Convert strings between diff. encodings (HO)
)
\@linkdim=\dimen334
\Hy@linkcounter=\count548
\Hy@pagecounter=\count549
 (C:\Users\carlo\AppData\Local\Programs\MiKTeX\tex/latex/hyperref\pd1enc.def
File: pd1enc.def 2025-05-20 v7.01m Hyperref: PDFDocEncoding definition (HO)
Now handling font encoding PD1 ...
... no UTF-8 mapping file for font encoding PD1
) (C:\Users\carlo\AppData\Local\Programs\MiKTeX\tex/generic/intcalc\intcalc.sty
Package: intcalc 2019/12/15 v1.3 Expandable calculations with integers (HO)
)
\Hy@SavedSpaceFactor=\count550
 (C:\Users\carlo\AppData\Local\Programs\MiKTeX\tex/latex/hyperref\puenc.def
File: puenc.def 2025-05-20 v7.01m Hyperref: PDF Unicode definition (HO)
Now handling font encoding PU ...
... no UTF-8 mapping file for font encoding PU
)
Package hyperref Info: Hyper figures OFF on input line 4157.
Package hyperref Info: Link nesting OFF on input line 4162.
Package hyperref Info: Hyper index ON on input line 4165.
Package hyperref Info: Plain pages OFF on input line 4172.
Package hyperref Info: Backreferencing OFF on input line 4177.
Package hyperref Info: Implicit mode ON; LaTeX internals redefined.
Package hyperref Info: Bookmarks ON on input line 4424.
\c@Hy@tempcnt=\count551
LaTeX Info: Redefining \url on input line 4763.
\XeTeXLinkMargin=\dimen335
 (C:\Users\carlo\AppData\Local\Programs\MiKTeX\tex/generic/bitset\bitset.sty
Package: bitset 2019/12/09 v1.3 Handle bit-vector datatype (HO)
 (C:\Users\carlo\AppData\Local\Programs\MiKTeX\tex/generic/bigintcalc\bigintcalc.sty
Package: bigintcalc 2019/12/15 v1.5 Expandable calculations on big integers (HO)
))
\Fld@menulength=\count552
\Field@Width=\dimen336
\Fld@charsize=\dimen337
Package hyperref Info: Hyper figures OFF on input line 6042.
Package hyperref Info: Link nesting OFF on input line 6047.
Package hyperref Info: Hyper index ON on input line 6050.
Package hyperref Info: backreferencing OFF on input line 6057.
Package hyperref Info: Link coloring OFF on input line 6062.
Package hyperref Info: Link coloring with OCG OFF on input line 6067.
Package hyperref Info: PDF/A mode OFF on input line 6072.
 (C:\Users\carlo\AppData\Local\Programs\MiKTeX\tex/latex/base\atbegshi-ltx.sty
Package: atbegshi-ltx 2021/01/10 v1.0c Emulation of the original atbegshi
package with kernel methods
)
\Hy@abspage=\count553
\c@Item=\count554
\c@Hfootnote=\count555
)
Package hyperref Info: Driver (autodetected): hpdftex.
 (C:\Users\carlo\AppData\Local\Programs\MiKTeX\tex/latex/hyperref\hpdftex.def
File: hpdftex.def 2025-05-20 v7.01m Hyperref driver for pdfTeX
\Fld@listcount=\count556
\c@bookmark@seq@number=\count557
 (C:\Users\carlo\AppData\Local\Programs\MiKTeX\tex/latex/rerunfilecheck\rerunfilecheck.sty
Package: rerunfilecheck 2022-07-10 v1.10 Rerun checks for auxiliary files (HO)
 (C:\Users\carlo\AppData\Local\Programs\MiKTeX\tex/latex/base\atveryend-ltx.sty
Package: atveryend-ltx 2020/08/19 v1.0a Emulation of the original atveryend package
with kernel methods
) (C:\Users\carlo\AppData\Local\Programs\MiKTeX\tex/generic/uniquecounter\uniquecounter.sty
Package: uniquecounter 2019/12/15 v1.4 Provide unlimited unique counter (HO)
)
Package uniquecounter Info: New unique counter `rerunfilecheck' on input line 285.
)
\Hy@SectionHShift=\skip279
) (C:\Users\carlo\AppData\Local\Programs\MiKTeX\tex/latex/memoir\memhfixc.sty
Package: memhfixc 2025/03/06 v1.23 hyperref package fixes for memoir class
\c@memhycontfloat=\count558
\c@mem@Hpagenote=\count559
) (C:\Users\carlo\AppData\Local\Programs\MiKTeX\tex/latex/cleveref\cleveref.sty
Package: cleveref 2018/03/27 v0.21.4 Intelligent cross-referencing
LaTeX Info: Redefining \Cref on input line 925.
Package cleveref Info: `hyperref' support loaded on input line 2370.
LaTeX Info: Redefining \cref on input line 2370.
LaTeX Info: Redefining \Cref on input line 2370.
LaTeX Info: Redefining \crefrange on input line 2370.
LaTeX Info: Redefining \Crefrange on input line 2370.
LaTeX Info: Redefining \cpageref on input line 2370.
LaTeX Info: Redefining \Cpageref on input line 2370.
LaTeX Info: Redefining \cpagerefrange on input line 2370.
LaTeX Info: Redefining \Cpagerefrange on input line 2370.
LaTeX Info: Redefining \labelcref on input line 2370.
LaTeX Info: Redefining \labelcpageref on input line 2370.
Package cleveref Info: `listings' support loaded on input line 3131.
Package cleveref Info: include cross-reference names in hyperlinks on input line 7836.
Package cleveref Info: include cross-reference names in hyperlinks on input line 7852.
)
==> First Aid for cleveref.sty applied!
c:/Users/carlo/Desktop/logistica/tesis/mitesis/main.tex:84: Illegal parameter number in definition of \chs@tecnico.
<to be read again> 
                   1
l.84 }
      
You meant to type ## instead of #, right?
Or maybe a } was forgotten somewhere earlier, and things
are all screwed up? I'm going to assume that you meant ##.


******************************************************
Stock height and width: 794.96999pt by 614.295pt
Top and edge trims: 0pt and 0pt
Page height and width: 794.96999pt by 614.295pt
Text height and width: 664.5pt by 457pt
Spine and edge margins: 85.35826pt and 71.13188pt
Upper and lower margins: 71.13188pt and 59.3381pt
Headheight and headsep: 14.5pt and 19.8738pt
Footskip: 30pt
Columnsep and columnseprule: 10pt and 0pt
Marginparsep and marginparwidth: 7pt and 57.13188pt
Sidecapsep and sidecapwidth: 7pt and 50pt
Sidebarhsep and sidebarwidth: 7pt and 50pt
Sidebarvsep and sidebartopsep: 14.5pt and 0pt
Sidebarheight: 546.64995pt
Sidefoothsep and sidefootwidth: 7pt and 50pt
Sidefootvsep and sidefootheight: 14.5pt and 546.64995pt
******************************************************

Package csquotes Info: Checking for multilingual support...
Package csquotes Info: ... found 'babel' package.
Package csquotes Info: Adjusting default style.
Package csquotes Info: Redefining alias 'default' -> 'spanish'.
LaTeX Font Info:    Trying to load font information for T1+ppl on input line 95.
(C:\Users\carlo\AppData\Local\Programs\MiKTeX\tex/latex/psnfss\t1ppl.fd
File: t1ppl.fd 2001/06/04 font definitions for T1/ppl.
) (main.aux)
\openout1 = `main.aux'.

LaTeX Font Info:    Checking defaults for OML/cmm/m/it on input line 95.
LaTeX Font Info:    ... okay on input line 95.
LaTeX Font Info:    Checking defaults for OMS/cmsy/m/n on input line 95.
LaTeX Font Info:    ... okay on input line 95.
LaTeX Font Info:    Checking defaults for OT1/cmr/m/n on input line 95.
LaTeX Font Info:    ... okay on input line 95.
LaTeX Font Info:    Checking defaults for T1/cmr/m/n on input line 95.
LaTeX Font Info:    ... okay on input line 95.
LaTeX Font Info:    Checking defaults for TS1/cmr/m/n on input line 95.
LaTeX Font Info:    ... okay on input line 95.
LaTeX Font Info:    Checking defaults for OMX/cmex/m/n on input line 95.
LaTeX Font Info:    ... okay on input line 95.
LaTeX Font Info:    Checking defaults for U/cmr/m/n on input line 95.
LaTeX Font Info:    ... okay on input line 95.
LaTeX Font Info:    Checking defaults for PD1/pdf/m/n on input line 95.
LaTeX Font Info:    ... okay on input line 95.
LaTeX Font Info:    Checking defaults for PU/pdf/m/n on input line 95.
LaTeX Font Info:    ... okay on input line 95.
LaTeX Info: Redefining \. on input line 95.
LaTeX Info: Redefining \% on input line 95.
Package babel Info: 'spanish' activates 'spanish' shorthands.
(babel)             Reported  on input line 95.
 (C:\Users\carlo\AppData\Local\Programs\MiKTeX\tex/context/base/mkii\supp-pdf.mkii
[Loading MPS to PDF converter (version 2006.09.02).]
\scratchcounter=\count560
\scratchdimen=\dimen338
\scratchbox=\box129
\nofMPsegments=\count561
\nofMParguments=\count562
\everyMPshowfont=\toks52
\MPscratchCnt=\count563
\MPscratchDim=\dimen339
\MPnumerator=\count564
\makeMPintoPDFobject=\count565
\everyMPtoPDFconversion=\toks53
) (C:\Users\carlo\AppData\Local\Programs\MiKTeX\tex/latex/epstopdf-pkg\epstopdf-base.sty
Package: epstopdf-base 2020-01-24 v2.11 Base part for package epstopdf
 (C:\Users\carlo\AppData\Local\Programs\MiKTeX\tex/latex/grfext\grfext.sty
Package: grfext 2019/12/03 v1.3 Manage graphics extensions (HO)
)
Package epstopdf-base Info: Redefining graphics rule for `.eps' on input line 485.
Package grfext Info: Graphics extension search list:
(grfext)             [.pdf,.png,.jpg,.mps,.jpeg,.jbig2,.jb2,.PDF,.PNG,.JPG,.JPEG,.JBIG2,.JB2,.eps]
(grfext)             \AppendGraphicsExtensions on input line 504.
 (C:\Users\carlo\AppData\Local\Programs\MiKTeX\tex/latex/00miktex\epstopdf-sys.cfg
File: epstopdf-sys.cfg 2021/03/18 v2.0 Configuration of epstopdf for MiKTeX
)) (C:\Users\carlo\AppData\Local\Programs\MiKTeX\tex/latex/translations/dicts\translations-basic-dictionary-spanish.trsl
File: translations-basic-dictionary-spanish.trsl (spanish translation file `translations-basic-dictionary')
)
Package translations Info: loading dictionary `translations-basic-dictionary' for `spanish'. on input line 95.
\c@lstlisting=\count566
Package biblatex Info: Trying to load language 'spanish'...
Package biblatex Info: ... file 'spanish.lbx' found.
 (C:\Users\carlo\AppData\Local\Programs\MiKTeX\tex/latex/biblatex/lbx\spanish.lbx
File: spanish.lbx 2024/03/21 v3.20 biblatex localization (PK/MW)
)
Package biblatex Info: Input encoding 'utf8' detected.
Package biblatex Info: Automatic encoding selection.
(biblatex)             Assuming data encoding 'utf8'.
\openout5 = `main.bcf'.

Package biblatex Info: Trying to load bibliographic data...
Package biblatex Info: ... file 'main.bbl' found.
 (main.bbl

Package biblatex Warning: The following entry could not be found
(biblatex)                in the database:
(biblatex)                CIEP2025
(biblatex)                Please verify the spelling and rerun
(biblatex)                LaTeX afterwards.


Package biblatex Warning: The following entry could not be found
(biblatex)                in the database:
(biblatex)                Hosseini2019
(biblatex)                Please verify the spelling and rerun
(biblatex)                LaTeX afterwards.


Package biblatex Warning: The following entry could not be found
(biblatex)                in the database:
(biblatex)                Oliphant2007
(biblatex)                Please verify the spelling and rerun
(biblatex)                LaTeX afterwards.


Package biblatex Warning: The following entry could not be found
(biblatex)                in the database:
(biblatex)                Ponomarov2009
(biblatex)                Please verify the spelling and rerun
(biblatex)                LaTeX afterwards.


Package biblatex Warning: The following entry could not be found
(biblatex)                in the database:
(biblatex)                Sheffi2005
(biblatex)                Please verify the spelling and rerun
(biblatex)                LaTeX afterwards.


Package biblatex Warning: The following entry could not be found
(biblatex)                in the database:
(biblatex)                Silver1998
(biblatex)                Please verify the spelling and rerun
(biblatex)                LaTeX afterwards.

)
Package biblatex Info: Reference section=0 on input line 95.
Package biblatex Info: Reference segment=0 on input line 95.
Package hyperref Info: Link coloring OFF on input line 95.
\@outlinefile=\write6
\openout6 = `main.out'.

\openout2 = `portada.aux'.

 (portada.tex
<logo_uaysen.png, id=6, 513.92pt x 513.92pt>
File: logo_uaysen.png Graphic file (type png)
<use logo_uaysen.png>
Package pdftex.def Info: logo_uaysen.png  used on input line 6.
(pdftex.def)             Requested size: 114.25pt x 114.24686pt.
LaTeX Font Info:    Trying to load font information for OT1+ppl on input line 28.
 (C:\Users\carlo\AppData\Local\Programs\MiKTeX\tex/latex/psnfss\ot1ppl.fd
File: ot1ppl.fd 2001/06/04 font definitions for OT1/ppl.
)
LaTeX Font Info:    Trying to load font information for OML+zplm on input line 28.
 (C:\Users\carlo\AppData\Local\Programs\MiKTeX\tex/latex/psnfss\omlzplm.fd
File: omlzplm.fd 2002/09/08 Fontinst v1.914 font definitions for OML/zplm.
)
LaTeX Font Info:    Trying to load font information for OMS+zplm on input line 28.
 (C:\Users\carlo\AppData\Local\Programs\MiKTeX\tex/latex/psnfss\omszplm.fd
File: omszplm.fd 2002/09/08 Fontinst v1.914 font definitions for OMS/zplm.
)
LaTeX Font Info:    Trying to load font information for OMX+zplm on input line 28.
 (C:\Users\carlo\AppData\Local\Programs\MiKTeX\tex/latex/psnfss\omxzplm.fd
File: omxzplm.fd 2002/09/08 Fontinst v1.914 font definitions for OMX/zplm.
)
LaTeX Font Info:    Trying to load font information for OT1+zplm on input line 28.
 (C:\Users\carlo\AppData\Local\Programs\MiKTeX\tex/latex/psnfss\ot1zplm.fd
File: ot1zplm.fd 2002/09/08 Fontinst v1.914 font definitions for OT1/zplm.
)
LaTeX Font Info:    Font shape `U/msa/m/n' will be
(Font)              scaled to size 15.0049pt on input line 28.
LaTeX Font Info:    Font shape `U/msa/m/n' will be
(Font)              scaled to size 10.42007pt on input line 28.
LaTeX Font Info:    Font shape `U/msa/m/n' will be
(Font)              scaled to size 8.33606pt on input line 28.
LaTeX Font Info:    Font shape `U/msb/m/n' will be
(Font)              scaled to size 15.0049pt on input line 28.
LaTeX Font Info:    Font shape `U/msb/m/n' will be
(Font)              scaled to size 10.42007pt on input line 28.
LaTeX Font Info:    Font shape `U/msb/m/n' will be
(Font)              scaled to size 8.33606pt on input line 28.


[1



{C:/Users/carlo/AppData/Local/MiKTeX/fonts/map/pdftex/pdftex.map}{C:/Users/carlo/AppData/Local/Programs/MiKTeX/fonts/enc/dvips/base/8r.enc} <./logo_uaysen.png>]

[2])
\openout2 = `preliminares.aux'.

 (preliminares.tex
LaTeX Font Info:    Trying to load font information for T1+lmss on input line 2.
 (C:\Users\carlo\AppData\Local\Programs\MiKTeX\tex/latex/lm\t1lmss.fd
File: t1lmss.fd 2015/05/01 v1.6.1 Font defs for Latin Modern
)


pdfTeX warning (ext4): destination with the same identifier (name{page.I}) has been already used, duplicate ignored
<to be read again> 
                   \relax 
l.18 \clearpage
                [1





{C:/Users/carlo/AppData/Local/Programs/MiKTeX/fonts/enc/dvips/lm/lm-ec.enc}])


pdfTeX warning (ext4): destination with the same identifier (name{page.II}) has been already used, duplicate ignored
<to be read again> 
                   \relax 
l.99 \include{preliminares}
                            % Resumen, Abstract, Agradecimientos [2


]

[3]
No file main.toc.


[4


]
No file main.lof.


[5

]
No file main.lot.


[6

]
\openout2 = `capitulos/01_introduccion.aux'.

 (capitulos/01_introduccion.tex

[1




]

LaTeX Info: Redefining \. on input line 30.
LaTeX Info: Redefining \% on input line 30.
Package babel Info: 'spanish' activates 'spanish' shorthands.
(babel)             Reported  on input line 30.
Package cleveref Info: loaded `spanish' language definitions on input line 30.

Class memoir Warning: The material used in the headers is too large
(15.35402pt) for the given head height (14.5pt), it is recommended to
either increase the head height or redesign the header
(in both cases you will find help in the memoir manual). on input line 30.


Overfull \vbox (0.85402pt too high) has occurred while \output is active []

 [2])

LaTeX Info: Redefining \. on input line 112.
LaTeX Info: Redefining \% on input line 112.
Package cleveref Info: loaded `spanish' language definitions on input line 112.

Overfull \vbox (0.85402pt too high) has occurred while \output is active []

 [3]
\openout2 = `capitulos/04_objetivos.aux'.

 (capitulos/04_objetivos.tex

[4




]

LaTeX Info: Redefining \. on input line 35.
LaTeX Info: Redefining \% on input line 35.
Package cleveref Info: loaded `spanish' language definitions on input line 35.

Overfull \vbox (0.85402pt too high) has occurred while \output is active []

 [5])

LaTeX Info: Redefining \. on input line 115.
LaTeX Info: Redefining \% on input line 115.
Package cleveref Info: loaded `spanish' language definitions on input line 115.

Overfull \vbox (0.85402pt too high) has occurred while \output is active []

 [6]
\openout2 = `capitulos/05_marco_teorico.aux'.

 (capitulos/05_marco_teorico.tex
LaTeX Font Info:    Font shape `U/msa/m/n' will be
(Font)              scaled to size 12.50409pt on input line 10.
LaTeX Font Info:    Font shape `U/msa/m/n' will be
(Font)              scaled to size 9.37807pt on input line 10.
LaTeX Font Info:    Font shape `U/msa/m/n' will be
(Font)              scaled to size 7.29405pt on input line 10.
LaTeX Font Info:    Font shape `U/msb/m/n' will be
(Font)              scaled to size 12.50409pt on input line 10.
LaTeX Font Info:    Font shape `U/msb/m/n' will be
(Font)              scaled to size 9.37807pt on input line 10.
LaTeX Font Info:    Font shape `U/msb/m/n' will be
(Font)              scaled to size 7.29405pt on input line 10.


[7




]

LaTeX Info: Redefining \. on input line 30.
LaTeX Info: Redefining \% on input line 30.
Package cleveref Info: loaded `spanish' language definitions on input line 30.

Overfull \vbox (0.85402pt too high) has occurred while \output is active []

 [8]
Overfull \hbox (13.17691pt too wide) in paragraph at lines 35--37
[]\T1/ppl/m/n/12 El n-cleo ge-ne-ra-dor se-lec-cio-na-do pa-ra es-te es-tu-dio es el \T1/ppl/b/n/12 Mer-sen-ne Twis-ter \T1/ppl/m/n/12 (MT19937),
 []


Overfull \hbox (9.70125pt too wide) in paragraph at lines 38--39
[]\T1/ppl/b/n/12 Equidistribucin k-dimensional: \T1/ppl/m/n/12 El MT19937 po-see la pro-pie-dad de k-distribucin
 []



LaTeX Info: Redefining \. on input line 46.
LaTeX Info: Redefining \% on input line 46.
Package cleveref Info: loaded `spanish' language definitions on input line 46.

Overfull \vbox (0.85402pt too high) has occurred while \output is active []

 [9]

LaTeX Info: Redefining \. on input line 62.
LaTeX Info: Redefining \% on input line 62.
Package cleveref Info: loaded `spanish' language definitions on input line 62.

Overfull \vbox (0.85402pt too high) has occurred while \output is active []

 [10])

LaTeX Info: Redefining \. on input line 118.
LaTeX Info: Redefining \% on input line 118.
Package cleveref Info: loaded `spanish' language definitions on input line 118.

Overfull \vbox (0.85402pt too high) has occurred while \output is active []

 [11]
\openout2 = `capitulos/06_modelado_componentes.aux'.

 (capitulos/06_modelado_componentes.tex

[12




]

LaTeX Info: Redefining \. on input line 35.
LaTeX Info: Redefining \% on input line 35.
Package cleveref Info: loaded `spanish' language definitions on input line 35.

Overfull \vbox (0.85402pt too high) has occurred while \output is active []

 [13])

LaTeX Info: Redefining \. on input line 121.
LaTeX Info: Redefining \% on input line 121.
Package cleveref Info: loaded `spanish' language definitions on input line 121.

Overfull \vbox (0.85402pt too high) has occurred while \output is active []

 [14]
\openout2 = `capitulos/07_metodologia.aux'.

 (capitulos/07_metodologia.tex

LaTeX Warning: Citation 'Oliphant2007' on page 15 undefined on input line 8.



[15




]
LaTeX Font Info:    Trying to load font information for T1+lmtt on input line 18.
 (C:\Users\carlo\AppData\Local\Programs\MiKTeX\tex/latex/lm\t1lmtt.fd
File: t1lmtt.fd 2015/05/01 v1.6.1 Font defs for Latin Modern
)

LaTeX Info: Redefining \. on input line 32.
LaTeX Info: Redefining \% on input line 32.
Package cleveref Info: loaded `spanish' language definitions on input line 32.

Overfull \vbox (0.85402pt too high) has occurred while \output is active []

 [16])

LaTeX Info: Redefining \. on input line 124.
LaTeX Info: Redefining \% on input line 124.
Package cleveref Info: loaded `spanish' language definitions on input line 124.

Overfull \vbox (0.85402pt too high) has occurred while \output is active []

 [17]
\openout2 = `capitulos/09_resultados_montecarlo.aux'.

 (capitulos/09_resultados_montecarlo.tex

LaTeX Warning: Reference `chap:metodologia' on page 1 undefined on input line 4.


LaTeX Warning: Reference `fig:caso01' on page 18 undefined on input line 13.


LaTeX Warning: Citation 'Silver1998' on page 18 undefined on input line 13.


Overfull \hbox (10.99127pt too wide) in paragraph at lines 13--14
\T1/ppl/m/n/12 rio re-ve-lan-do el pa-trn ca-rac-te-rs-ti-co de "dien-tes de sie-rra" de la po-l-ti-ca $\OT1/zplm/m/n/12 (\OML/zplm/m/it/12 Q\OT1/ppl/m/n/12 , \OML/zplm/m/it/12 R\OT1/zplm/m/n/12 )$[]\T1/ppl/m/n/12 ,
 []



[18




]
<figuras/caso01_escenario_normal.pdf, id=205, 857.94588pt x 746.75423pt>
File: figuras/caso01_escenario_normal.pdf Graphic file (type pdf)
<use figuras/caso01_escenario_normal.pdf>
Package pdftex.def Info: figuras/caso01_escenario_normal.pdf  used on input line 17.
(pdftex.def)             Requested size: 457.0pt x 397.7719pt.


LaTeX Info: Redefining \. on input line 25.
LaTeX Info: Redefining \% on input line 25.
Package cleveref Info: loaded `spanish' language definitions on input line 25.

Overfull \vbox (0.85402pt too high) has occurred while \output is active []

 [19 <./figuras/caso01_escenario_normal.pdf>]
LaTeX Font Info:    Trying to load font information for TS1+ppl on input line 27.
 (C:\Users\carlo\AppData\Local\Programs\MiKTeX\tex/latex/psnfss\ts1ppl.fd
File: ts1ppl.fd 2001/06/04 font definitions for TS1/ppl.
)

LaTeX Warning: Reference `fig:caso02' on page 20 undefined on input line 36.


LaTeX Warning: Citation 'CIEP2025' on page 20 undefined on input line 36.



LaTeX Info: Redefining \. on input line 37.
LaTeX Info: Redefining \% on input line 37.
Package cleveref Info: loaded `spanish' language definitions on input line 37.

Overfull \vbox (0.85402pt too high) has occurred while \output is active []

 [20]
<figuras/caso02_escenario_critico.pdf, id=304, 857.94588pt x 746.75423pt>
File: figuras/caso02_escenario_critico.pdf Graphic file (type pdf)
<use figuras/caso02_escenario_critico.pdf>
Package pdftex.def Info: figuras/caso02_escenario_critico.pdf  used on input line 40.
(pdftex.def)             Requested size: 457.0pt x 397.7719pt.


LaTeX Info: Redefining \. on input line 49.
LaTeX Info: Redefining \% on input line 49.
Package cleveref Info: loaded `spanish' language definitions on input line 49.

Overfull \vbox (0.85402pt too high) has occurred while \output is active []

 [21 <./figuras/caso02_escenario_critico.pdf>]

LaTeX Warning: Citation 'Sheffi2005' on page 22 undefined on input line 50.


LaTeX Warning: Citation 'Ponomarov2009' on page 22 undefined on input line 57.


LaTeX Warning: Reference `fig:caso03' on page 22 undefined on input line 61.



LaTeX Info: Redefining \. on input line 62.
LaTeX Info: Redefining \% on input line 62.
Package cleveref Info: loaded `spanish' language definitions on input line 62.

Overfull \vbox (0.85402pt too high) has occurred while \output is active []

 [22]
<figuras/caso03_comparacion_capacidades.pdf, id=402, 1004.218pt x 714.54214pt>
File: figuras/caso03_comparacion_capacidades.pdf Graphic file (type pdf)
<use figuras/caso03_comparacion_capacidades.pdf>
Package pdftex.def Info: figuras/caso03_comparacion_capacidades.pdf  used on input line 65.
(pdftex.def)             Requested size: 457.0pt x 325.1826pt.


LaTeX Info: Redefining \. on input line 76.
LaTeX Info: Redefining \% on input line 76.
Package cleveref Info: loaded `spanish' language definitions on input line 76.

Overfull \vbox (0.85402pt too high) has occurred while \output is active []

 [23 <./figuras/caso03_comparacion_capacidades.pdf>]

LaTeX Warning: Citation 'Hosseini2019' on page 24 undefined on input line 79.



LaTeX Info: Redefining \. on input line 91.
LaTeX Info: Redefining \% on input line 91.
Package cleveref Info: loaded `spanish' language definitions on input line 91.

Overfull \vbox (0.85402pt too high) has occurred while \output is active []

 [24]

LaTeX Warning: Citation 'CIEP2025' on page 25 undefined on input line 105.


LaTeX Warning: Reference `tab:parametros-modelo' on page 1 undefined on input line 105.


LaTeX Warning: Reference `tab:estadisticas-configuraciones' on page 1 undefined on input line 162.



LaTeX Info: Redefining \. on input line 163.
LaTeX Info: Redefining \% on input line 163.
Package cleveref Info: loaded `spanish' language definitions on input line 163.

Overfull \vbox (0.85402pt too high) has occurred while \output is active []

 [25]

LaTeX Warning: Reference `fig:distribuciones' on page 1 undefined on input line 183.



LaTeX Info: Redefining \. on input line 184.
LaTeX Info: Redefining \% on input line 184.
Package cleveref Info: loaded `spanish' language definitions on input line 184.

Overfull \vbox (0.85402pt too high) has occurred while \output is active []

 [26]
<figuras/distribuciones.pdf, id=514, 859.73822pt x 425.67308pt>
File: figuras/distribuciones.pdf Graphic file (type pdf)
<use figuras/distribuciones.pdf>
Package pdftex.def Info: figuras/distribuciones.pdf  used on input line 187.
(pdftex.def)             Requested size: 457.0pt x 226.26817pt.


LaTeX Info: Redefining \. on input line 207.
LaTeX Info: Redefining \% on input line 207.
Package cleveref Info: loaded `spanish' language definitions on input line 207.

Overfull \vbox (0.85402pt too high) has occurred while \output is active []

 [27 <./figuras/distribuciones.pdf>]
<figuras/kde_status_quo_corta.pdf, id=592, 713.26663pt x 424.55739pt>
File: figuras/kde_status_quo_corta.pdf Graphic file (type pdf)
<use figuras/kde_status_quo_corta.pdf>
Package pdftex.def Info: figuras/kde_status_quo_corta.pdf  used on input line 212.
(pdftex.def)             Requested size: 434.1486pt x 258.4225pt.
<figuras/kde_status_quo_media.pdf, id=593, 713.26663pt x 424.55739pt>
File: figuras/kde_status_quo_media.pdf Graphic file (type pdf)
<use figuras/kde_status_quo_media.pdf>
Package pdftex.def Info: figuras/kde_status_quo_media.pdf  used on input line 219.
(pdftex.def)             Requested size: 434.1486pt x 258.4225pt.
<figuras/kde_status_quo_larga.pdf, id=594, 713.26663pt x 424.55739pt>
File: figuras/kde_status_quo_larga.pdf Graphic file (type pdf)
<use figuras/kde_status_quo_larga.pdf>
Package pdftex.def Info: figuras/kde_status_quo_larga.pdf  used on input line 226.
(pdftex.def)             Requested size: 434.1486pt x 258.4225pt.
<figuras/kde_propuesta_corta.pdf, id=595, 713.2616pt x 424.54172pt>
File: figuras/kde_propuesta_corta.pdf Graphic file (type pdf)
<use figuras/kde_propuesta_corta.pdf>
Package pdftex.def Info: figuras/kde_propuesta_corta.pdf  used on input line 235.
(pdftex.def)             Requested size: 434.1486pt x 258.41296pt.
<figuras/kde_propuesta_media.pdf, id=596, 711.73325pt x 424.54172pt>
File: figuras/kde_propuesta_media.pdf Graphic file (type pdf)
<use figuras/kde_propuesta_media.pdf>
Package pdftex.def Info: figuras/kde_propuesta_media.pdf  used on input line 242.
(pdftex.def)             Requested size: 434.1486pt x 258.9636pt.
<figuras/kde_propuesta_larga.pdf, id=597, 713.26663pt x 424.54172pt>
File: figuras/kde_propuesta_larga.pdf Graphic file (type pdf)
<use figuras/kde_propuesta_larga.pdf>
Package pdftex.def Info: figuras/kde_propuesta_larga.pdf  used on input line 249.
(pdftex.def)             Requested size: 434.1486pt x 258.41296pt.
<figuras/qq_status_quo_corta.pdf, id=598, 568.71909pt x 568.8151pt>
File: figuras/qq_status_quo_corta.pdf Graphic file (type pdf)
<use figuras/qq_status_quo_corta.pdf>
Package pdftex.def Info: figuras/qq_status_quo_corta.pdf  used on input line 262.
(pdftex.def)             Requested size: 388.45279pt x 388.5337pt.


LaTeX Info: Redefining \. on input line 265.
LaTeX Info: Redefining \% on input line 265.
Package cleveref Info: loaded `spanish' language definitions on input line 265.

Overfull \vbox (0.85402pt too high) has occurred while \output is active []

 [28 <./figuras/kde_status_quo_corta.pdf>]

LaTeX Info: Redefining \. on input line 265.
LaTeX Info: Redefining \% on input line 265.
Package cleveref Info: loaded `spanish' language definitions on input line 265.

Overfull \vbox (0.85402pt too high) has occurred while \output is active []

 [29 <./figuras/kde_status_quo_media.pdf> <./figuras/kde_status_quo_larga.pdf>]

LaTeX Info: Redefining \. on input line 265.
LaTeX Info: Redefining \% on input line 265.
Package cleveref Info: loaded `spanish' language definitions on input line 265.

Overfull \vbox (0.85402pt too high) has occurred while \output is active []

 [30 <./figuras/kde_propuesta_corta.pdf> <./figuras/kde_propuesta_media.pdf>]
<figuras/qq_status_quo_media.pdf, id=835, 568.71909pt x 568.8151pt>
File: figuras/qq_status_quo_media.pdf Graphic file (type pdf)
<use figuras/qq_status_quo_media.pdf>
Package pdftex.def Info: figuras/qq_status_quo_media.pdf  used on input line 269.
(pdftex.def)             Requested size: 388.45279pt x 388.5337pt.
<figuras/qq_status_quo_larga.pdf, id=836, 568.71909pt x 568.8151pt>
File: figuras/qq_status_quo_larga.pdf Graphic file (type pdf)
<use figuras/qq_status_quo_larga.pdf>
Package pdftex.def Info: figuras/qq_status_quo_larga.pdf  used on input line 276.
(pdftex.def)             Requested size: 388.45279pt x 388.5337pt.
<figuras/qq_propuesta_corta.pdf, id=837, 568.7241pt x 568.79941pt>
File: figuras/qq_propuesta_corta.pdf Graphic file (type pdf)
<use figuras/qq_propuesta_corta.pdf>
Package pdftex.def Info: figuras/qq_propuesta_corta.pdf  used on input line 285.
(pdftex.def)             Requested size: 388.45279pt x 388.50563pt.
<figuras/qq_propuesta_media.pdf, id=838, 568.73164pt x 568.62689pt>
File: figuras/qq_propuesta_media.pdf Graphic file (type pdf)
<use figuras/qq_propuesta_media.pdf>
Package pdftex.def Info: figuras/qq_propuesta_media.pdf  used on input line 292.
(pdftex.def)             Requested size: 388.45279pt x 388.3878pt.
<figuras/qq_propuesta_larga.pdf, id=839, 568.7241pt x 568.62689pt>
File: figuras/qq_propuesta_larga.pdf Graphic file (type pdf)
<use figuras/qq_propuesta_larga.pdf>
Package pdftex.def Info: figuras/qq_propuesta_larga.pdf  used on input line 299.
(pdftex.def)             Requested size: 388.45279pt x 388.3878pt.


LaTeX Warning: Reference `fig:efectos-principales' on page 1 undefined on input line 345.



LaTeX Info: Redefining \. on input line 346.
LaTeX Info: Redefining \% on input line 346.
Package cleveref Info: loaded `spanish' language definitions on input line 346.

Overfull \vbox (0.85402pt too high) has occurred while \output is active []

 [31 <./figuras/kde_propuesta_larga.pdf>]

LaTeX Info: Redefining \. on input line 346.
LaTeX Info: Redefining \% on input line 346.
Package cleveref Info: loaded `spanish' language definitions on input line 346.

Overfull \vbox (0.85402pt too high) has occurred while \output is active []

 [32 <./figuras/qq_status_quo_corta.pdf>]
<figuras/efectos_principales.pdf, id=945, 1004.24814pt x 353.24097pt>
File: figuras/efectos_principales.pdf Graphic file (type pdf)
<use figuras/efectos_principales.pdf>
Package pdftex.def Info: figuras/efectos_principales.pdf  used on input line 349.
(pdftex.def)             Requested size: 457.0pt x 160.75183pt.


LaTeX Info: Redefining \. on input line 365.
LaTeX Info: Redefining \% on input line 365.
Package cleveref Info: loaded `spanish' language definitions on input line 365.

Overfull \vbox (0.85402pt too high) has occurred while \output is active []

 [33 <./figuras/qq_status_quo_media.pdf>]

LaTeX Warning: Reference `fig:heatmap' on page 1 undefined on input line 373.



LaTeX Info: Redefining \. on input line 374.
LaTeX Info: Redefining \% on input line 374.
Package cleveref Info: loaded `spanish' language definitions on input line 374.

Overfull \vbox (0.85402pt too high) has occurred while \output is active []

 [34 <./figuras/qq_status_quo_larga.pdf>]
<figuras/heatmap_interacciones.pdf, id=1046, 715.59857pt x 497.9847pt>
File: figuras/heatmap_interacciones.pdf Graphic file (type pdf)
<use figuras/heatmap_interacciones.pdf>
Package pdftex.def Info: figuras/heatmap_interacciones.pdf  used on input line 377.
(pdftex.def)             Requested size: 388.45279pt x 270.32108pt.


LaTeX Info: Redefining \. on input line 388.
LaTeX Info: Redefining \% on input line 388.
Package cleveref Info: loaded `spanish' language definitions on input line 388.

Overfull \vbox (0.85402pt too high) has occurred while \output is active []

 [35 <./figuras/qq_propuesta_corta.pdf>]

LaTeX Info: Redefining \. on input line 396.
LaTeX Info: Redefining \% on input line 396.
Package cleveref Info: loaded `spanish' language definitions on input line 396.

Overfull \vbox (0.85402pt too high) has occurred while \output is active []

 [36 <./figuras/qq_propuesta_media.pdf>]

LaTeX Info: Redefining \. on input line 396.
LaTeX Info: Redefining \% on input line 396.
Package cleveref Info: loaded `spanish' language definitions on input line 396.

Overfull \vbox (0.85402pt too high) has occurred while \output is active []

 [37 <./figuras/qq_propuesta_larga.pdf> <./figuras/efectos_principales.pdf>]

LaTeX Warning: Reference `fig:analisis-sensibilidad' on page 1 undefined on input line 413.



LaTeX Info: Redefining \. on input line 414.
LaTeX Info: Redefining \% on input line 414.
Package cleveref Info: loaded `spanish' language definitions on input line 414.

Overfull \vbox (0.85402pt too high) has occurred while \output is active []

 [38 <./figuras/heatmap_interacciones.pdf>]
<figuras/analisis_sensibilidad.pdf, id=1372, 715.73085pt x 425.5265pt>
File: figuras/analisis_sensibilidad.pdf Graphic file (type pdf)
<use figuras/analisis_sensibilidad.pdf>
Package pdftex.def Info: figuras/analisis_sensibilidad.pdf  used on input line 417.
(pdftex.def)             Requested size: 388.45279pt x 230.94963pt.


LaTeX Warning: Reference `fig:boxplot' on page 1 undefined on input line 424.

<figuras/boxplot_comparativo.pdf, id=1373, 1004.49466pt x 497.65097pt>
File: figuras/boxplot_comparativo.pdf Graphic file (type pdf)
<use figuras/boxplot_comparativo.pdf>
Package pdftex.def Info: figuras/boxplot_comparativo.pdf  used on input line 428.
(pdftex.def)             Requested size: 457.0pt x 226.40875pt.


LaTeX Info: Redefining \. on input line 439.
LaTeX Info: Redefining \% on input line 439.
Package cleveref Info: loaded `spanish' language definitions on input line 439.

Overfull \vbox (0.85402pt too high) has occurred while \output is active []

 [39 <./figuras/analisis_sensibilidad.pdf>]

LaTeX Warning: Reference `tab:estadisticas-configuraciones' on page 1 undefined on input line 441.



LaTeX Info: Redefining \. on input line 450.
LaTeX Info: Redefining \% on input line 450.
Package cleveref Info: loaded `spanish' language definitions on input line 450.

Overfull \vbox (0.85402pt too high) has occurred while \output is active []

 [40 <./figuras/boxplot_comparativo.pdf>]

LaTeX Info: Redefining \. on input line 492.
LaTeX Info: Redefining \% on input line 492.
Package cleveref Info: loaded `spanish' language definitions on input line 492.

Overfull \vbox (0.85402pt too high) has occurred while \output is active []

 [41]

LaTeX Info: Redefining \. on input line 526.
LaTeX Info: Redefining \% on input line 526.
Package cleveref Info: loaded `spanish' language definitions on input line 526.

Overfull \vbox (0.85402pt too high) has occurred while \output is active []

 [42])

LaTeX Info: Redefining \. on input line 127.
LaTeX Info: Redefining \% on input line 127.
Package cleveref Info: loaded `spanish' language definitions on input line 127.

Overfull \vbox (0.85402pt too high) has occurred while \output is active []

 [43]
Overfull \hbox (16.00488pt too wide) in paragraph at lines 131--131
[]\T1/ppl/m/n/12 C. R. Ha-rris et al., ^^S  Array pro-gram-ming with NumPy,^^T \T1/ppl/m/it/12 Na-tu-re\T1/ppl/m/n/12 , vol. 585, pgs. 357[]362,
 []


Class memoir Warning: The material used in the headers is too large
(15.35402pt) for the given head height (14.5pt), it is recommended to
either increase the head height or redesign the header
(in both cases you will find help in the memoir manual). on input line 133.



[44




]
\tf@toc=\write7
\openout7 = `main.toc'.

\tf@lof=\write8
\openout8 = `main.lof'.

\tf@lot=\write9
\openout9 = `main.lot'.

 (main.aux (portada.aux)
LaTeX Info: Redefining \sptext on input line 10.
LaTeX Info: Redefining \. on input line 10.
LaTeX Info: Redefining \% on input line 10.
Package cleveref Info: loaded `spanish' language definitions on input line 10.
 (preliminares.aux) (capitulos/01_introduccion.aux) (capitulos/04_objetivos.aux) (capitulos/05_marco_teorico.aux) (capitulos/06_modelado_componentes.aux) (capitulos/07_metodologia.aux) (capitulos/09_resultados_montecarlo.aux))
 ***********
LaTeX2e <2025-06-01>
L3 programming layer <2020/03/25>
 ***********


LaTeX Warning: There were undefined references.


LaTeX Warning: Label(s) may have changed. Rerun to get cross-references right.


Package rerunfilecheck Warning: File `main.out' has changed.
(rerunfilecheck)                Rerun to get outlines right
(rerunfilecheck)                or use package `bookmark'.

Package rerunfilecheck Info: Checksums for `main.out':
(rerunfilecheck)             Before: <no file>
(rerunfilecheck)             After:  6C8FE5C7A6AFC9AD3898447E42B8D5A9;8298.

Package biblatex Warning: Please (re)run Biber on the file:
(biblatex)                main
(biblatex)                and rerun LaTeX afterwards.

Package logreq Info: Writing requests to 'main.run.xml'.
\openout1 = `main.run.xml'.

 ) 
Here is how much of TeX's memory you used:
 42545 strings out of 468224
 853664 string characters out of 5432953
 1660358 words of memory out of 5000000
 70273 multiletter control sequences out of 15000+600000
 678141 words of font info for 133 fonts, out of 8000000 for 9000
 1141 hyphenation exceptions out of 8191
 85i,12n,93p,1244b,2183s stack positions out of 10000i,1000n,20000p,200000b,200000s
<C:/Users/carlo/AppData/Local/Programs/MiKTeX/fonts/type1/public/amsfonts/cm/cmmi10.pfb><C:/Users/carlo/AppData/Local/Programs/MiKTeX/fonts/type1/public/amsfonts/cm/cmr10.pfb><C:/Users/carlo/AppData/Local/Programs/MiKTeX/fonts/type1/public/amsfonts/cm/cmsy10.pfb><C:/Users/carlo/AppData/Local/Programs/MiKTeX/fonts/type1/public/mathpazo/fplmr.pfb><C:/Users/carlo/AppData/Local/Programs/MiKTeX/fonts/type1/public/mathpazo/fplmri.pfb><C:/Users/carlo/AppData/Local/Programs/MiKTeX/fonts/type1/public/lm/lmssbx10.pfb><C:/Users/carlo/AppData/Local/Programs/MiKTeX/fonts/type1/public/lm/lmtt12.pfb><C:/Users/carlo/AppData/Local/Programs/MiKTeX/fonts/type1/urw/palatino/uplb8a.pfb><C:/Users/carlo/AppData/Local/Programs/MiKTeX/fonts/type1/urw/palatino/uplr8a.pfb><C:/Users/carlo/AppData/Local/Programs/MiKTeX/fonts/type1/urw/palatino/uplr8a.pfb><C:/Users/carlo/AppData/Local/Programs/MiKTeX/fonts/type1/urw/palatino/uplri8a.pfb>
Output written on main.pdf (52 pages, 1006611 bytes).
PDF statistics:
 1670 PDF objects out of 1728 (max. 8388607)
 188 named destinations out of 1000 (max. 500000)
 118 words of extra memory for PDF output out of 10000 (max. 10000000)

